#
# There is insufficient memory for the Java Runtime Environment to continue.
# Native memory allocation (mmap) failed to map 61865984 bytes for Failed to commit area from 0x000000008d500000 to 0x0000000091000000 of length 61865984.
# Possible reasons:
#   The system is out of physical RAM or swap space
#   The process is running with CompressedOops enabled, and the Java Heap may be blocking the growth of the native heap
# Possible solutions:
#   Reduce memory load on the system
#   Increase physical memory or swap space
#   Check if swap backing store is full
#   Decrease Java heap size (-Xmx/-Xms)
#   Decrease number of Java threads
#   Decrease Java thread stack sizes (-Xss)
#   Set larger code cache with -XX:ReservedCodeCacheSize=
#   JVM is running with Unscaled Compressed Oops mode in which the Java heap is
#     placed in the first 4GB address space. The Java Heap base address is the
#     maximum limit for the native heap growth. Please use -XX:HeapBaseMinAddress
#     to set the Java Heap base and to place the Java Heap above 4GB virtual address.
# This output file may be truncated or incomplete.
#
#  Out of Memory Error (src/hotspot/os/windows/os_windows.cpp:3627), pid=6952, tid=6044
#
# JRE version: OpenJDK Runtime Environment (11.0.15) (build 11.0.15+0-b2043.56-9505619)
# Java VM: OpenJDK 64-Bit Server VM (11.0.15+0-b2043.56-9505619, mixed mode, tiered, compressed oops, g1 gc, windows-amd64)
# No core dump will be written. Minidumps are not enabled by default on client versions of Windows
#

---------------  S U M M A R Y ------------

Command Line: --add-opens=java.base/java.util=ALL-UNNAMED --add-opens=java.base/java.lang=ALL-UNNAMED --add-opens=java.base/java.lang.invoke=ALL-UNNAMED --add-opens=java.base/java.util=ALL-UNNAMED --add-opens=java.prefs/java.util.prefs=ALL-UNNAMED --add-opens=java.prefs/java.util.prefs=ALL-UNNAMED --add-opens=java.base/java.nio.charset=ALL-UNNAMED --add-opens=java.base/java.net=ALL-UNNAMED --add-opens=java.base/java.util.concurrent.atomic=ALL-UNNAMED -Xmx2048m -Dfile.encoding=UTF-8 -Duser.country=RU -Duser.language=ru -Duser.variant org.gradle.launcher.daemon.bootstrap.GradleDaemon 7.5

Host: Intel(R) Core(TM) i7-1065G7 CPU @ 1.30GHz, 8 cores, 7G,  Windows 10 , 64 bit Build 19041 (10.0.19041.2546)
Time: Thu Mar 30 16:08:10 2023 RTZ 2 (s 10 , 64 bit Build 19041 (10.0.19041.2546) elapsed time: 744.675962 seconds (0d 0h 12m 24s)

---------------  T H R E A D  ---------------

Current thread (0x0000025cb9f15000):  VMThread "VM Thread" [stack: 0x0000007cbeb00000,0x0000007cbec00000] [id=6044]

Stack: [0x0000007cbeb00000,0x0000007cbec00000]
[error occurred during error reporting (printing stack bounds), id 0xc0000005, EXCEPTION_ACCESS_VIOLATION (0xc0000005) at pc=0x0000025ca35a12e7]

Native frames: (J=compiled Java code, j=interpreted, Vv=VM code, C=native code)
V  [jvm.dll+0x64135a]
V  [jvm.dll+0x7d39f9]
V  [jvm.dll+0x7d51b9]
V  [jvm.dll+0x7d5805]
V  [jvm.dll+0x7d57bb]
V  [jvm.dll+0x640655]
V  [jvm.dll+0x640d68]
C  [ntdll.dll+0xa241f]
C  [ntdll.dll+0x514a4]
C  [ntdll.dll+0xa0f4e]
C  0x0000025ca35a12e7

VM_Operation (0x0000007cc0efdc90): G1CollectForAllocation, mode: safepoint, requested by thread 0x0000025cc36d8000


---------------  P R O C E S S  ---------------

Threads class SMR info:
_java_thread_list=0x0000025cc06b7af0, length=145, elements={
0x0000025c9fa70000, 0x0000025cb9f16800, 0x0000025cb9f20000, 0x0000025cb9f32800,
0x0000025cb9f35800, 0x0000025cb9f37000, 0x0000025cb9f3a000, 0x0000025cb9f48000,
0x0000025cba8c4000, 0x0000025cbaa21800, 0x0000025cbcbd1800, 0x0000025cbabae000,
0x0000025cbc991000, 0x0000025cbca80000, 0x0000025cbca7c000, 0x0000025cbca80800,
0x0000025cbca7d800, 0x0000025cbca7e000, 0x0000025cbca82800, 0x0000025cbdb24800,
0x0000025cbdb26000, 0x0000025cbdb21000, 0x0000025cbdb27000, 0x0000025cbdb28800,
0x0000025cbdb29000, 0x0000025cbb420000, 0x0000025cbb41c800, 0x0000025cbb41d800,
0x0000025cc249d000, 0x0000025cc24a5000, 0x0000025cc36cc800, 0x0000025cc36cf800,
0x0000025cc36cd000, 0x0000025cc36cf000, 0x0000025cc36d0800, 0x0000025cc36ce000,
0x0000025cc36d1800, 0x0000025cc36cb800, 0x0000025cc36d4800, 0x0000025cc36d6000,
0x0000025cc36d8000, 0x0000025cc36d3000, 0x0000025cc36d5800, 0x0000025cc36d2000,
0x0000025cc36d9800, 0x0000025cc36d3800, 0x0000025cc36d7000, 0x0000025cc36d8800,
0x0000025cc249d800, 0x0000025cc249c000, 0x0000025cc24a0000, 0x0000025cc24a1000,
0x0000025cc24a3800, 0x0000025cc24a4800, 0x0000025cc24a2000, 0x0000025cc249f800,
0x0000025cc249e800, 0x0000025cc24a6000, 0x0000025cc24a2800, 0x0000025cc24ab000,
0x0000025cc24aa000, 0x0000025cc24a6800, 0x0000025cc24a7800, 0x0000025cc24a8800,
0x0000025cc24a9000, 0x0000025cbb412000, 0x0000025cbb413800, 0x0000025cbb412800,
0x0000025cbb414800, 0x0000025cbb417000, 0x0000025cbb411000, 0x0000025cbb418800,
0x0000025cbb415000, 0x0000025cbb41b000, 0x0000025cbb41a000, 0x0000025cbb41b800,
0x0000025cbb416000, 0x0000025cbb417800, 0x0000025cbb41e000, 0x0000025cbb41f000,
0x0000025cbb419800, 0x0000025cbdb25000, 0x0000025cbdb27800, 0x0000025cbdb22000,
0x0000025cbdb22800, 0x0000025cbdb2f000, 0x0000025cbdb2c800, 0x0000025cbdb2a000,
0x0000025cbdb2b000, 0x0000025cbdb2b800, 0x0000025cbdb2e000, 0x0000025cbdb2d800,
0x0000025cbca7f000, 0x0000025cbca81800, 0x0000025cbca7c800, 0x0000025cbd4c2000,
0x0000025cbd4c6800, 0x0000025cbd4c7800, 0x0000025cbd4c8800, 0x0000025cbd4c3800,
0x0000025cbd4c4000, 0x0000025cbd4c2800, 0x0000025cbd4c9000, 0x0000025cbd4c6000,
0x0000025cbd4ca000, 0x0000025cbd4cb000, 0x0000025cbd4c5000, 0x0000025cbd4cc800,
0x0000025cbd4cd000, 0x0000025cbd4ce000, 0x0000025cbd4cf000, 0x0000025cbd4cb800,
0x0000025cbd4cf800, 0x0000025cbd4d0800, 0x0000025cc02d1000, 0x0000025cc02cf800,
0x0000025cc02ce800, 0x0000025cc02d0800, 0x0000025cc02d2800, 0x0000025cc02ce000,
0x0000025cc02d2000, 0x0000025cc02d3800, 0x0000025cc02d4800, 0x0000025cc6b03000,
0x0000025cc6aff800, 0x0000025cc6b01800, 0x0000025cc6b04800, 0x0000025cc6b02000,
0x0000025cc6b04000, 0x0000025cc6aff000, 0x0000025cc6b05800, 0x0000025cc6b06800,
0x0000025cc6b00800, 0x0000025cc6b0b000, 0x0000025cc094d000, 0x0000025cc6b0a800,
0x0000025cc6a81000, 0x0000025cc6b0c000, 0x0000025cc6b0d000, 0x0000025cc6b08000,
0x0000025cc6b09800, 0x0000025cc6b08800, 0x0000025cc6b07000, 0x0000025cc6b0d800,
0x0000025cc075e800
}

Java Threads: ( => current thread )
  0x0000025c9fa70000 JavaThread "main" [_thread_blocked, id=16088, stack(0x0000007cbe500000,0x0000007cbe600000)]
  0x0000025cb9f16800 JavaThread "Reference Handler" daemon [_thread_blocked, id=14192, stack(0x0000007cbec00000,0x0000007cbed00000)]
  0x0000025cb9f20000 JavaThread "Finalizer" daemon [_thread_blocked, id=5000, stack(0x0000007cbed00000,0x0000007cbee00000)]
  0x0000025cb9f32800 JavaThread "Signal Dispatcher" daemon [_thread_blocked, id=5116, stack(0x0000007cbee00000,0x0000007cbef00000)]
  0x0000025cb9f35800 JavaThread "Attach Listener" daemon [_thread_blocked, id=960, stack(0x0000007cbef00000,0x0000007cbf000000)]
  0x0000025cb9f37000 JavaThread "Service Thread" daemon [_thread_blocked, id=3916, stack(0x0000007cbf000000,0x0000007cbf100000)]
  0x0000025cb9f3a000 JavaThread "C2 CompilerThread0" daemon [_thread_blocked, id=16608, stack(0x0000007cbf100000,0x0000007cbf200000)]
  0x0000025cb9f48000 JavaThread "C1 CompilerThread0" daemon [_thread_blocked, id=8132, stack(0x0000007cbf200000,0x0000007cbf300000)]
  0x0000025cba8c4000 JavaThread "Sweeper thread" daemon [_thread_blocked, id=15464, stack(0x0000007cbf300000,0x0000007cbf400000)]
  0x0000025cbaa21800 JavaThread "Common-Cleaner" daemon [_thread_blocked, id=12872, stack(0x0000007cbf400000,0x0000007cbf500000)]
  0x0000025cbcbd1800 JavaThread "Daemon health stats" [_thread_blocked, id=6728, stack(0x0000007cbf900000,0x0000007cbfa00000)]
  0x0000025cbabae000 JavaThread "Incoming local TCP Connector on port 56696" [_thread_in_native, id=14392, stack(0x0000007cbf600000,0x0000007cbf700000)]
  0x0000025cbc991000 JavaThread "Daemon periodic checks" [_thread_blocked, id=14488, stack(0x0000007cbf700000,0x0000007cbf800000)]
  0x0000025cbca80000 JavaThread "Cache worker for journal cache (C:\Users\User\.gradle\caches\journal-1)" [_thread_blocked, id=9816, stack(0x0000007cc0700000,0x0000007cc0800000)]
  0x0000025cbca7c000 JavaThread "File lock request listener" [_thread_in_native, id=9724, stack(0x0000007cc0800000,0x0000007cc0900000)]
  0x0000025cbca80800 JavaThread "Cache worker for file hash cache (C:\Users\User\.gradle\caches\7.5\fileHashes)" [_thread_blocked, id=8568, stack(0x0000007cc0a00000,0x0000007cc0b00000)]
  0x0000025cbca7d800 JavaThread "File watcher server" daemon [_thread_blocked, id=2448, stack(0x0000007cc0b00000,0x0000007cc0c00000)]
  0x0000025cbca7e000 JavaThread "File watcher consumer" daemon [_thread_blocked, id=16760, stack(0x0000007cc0c00000,0x0000007cc0d00000)]
  0x0000025cbca82800 JavaThread "Cache worker for file content cache (C:\Users\User\.gradle\caches\7.5\fileContent)" [_thread_blocked, id=9940, stack(0x0000007cc1000000,0x0000007cc1100000)]
  0x0000025cbdb24800 JavaThread "Cache worker for execution history cache (C:\Users\User\.gradle\caches\7.5\executionHistory)" [_thread_blocked, id=13764, stack(0x0000007cc1300000,0x0000007cc1400000)]
  0x0000025cbdb26000 JavaThread "jar transforms" [_thread_blocked, id=748, stack(0x0000007cc1400000,0x0000007cc1500000)]
  0x0000025cbdb21000 JavaThread "jar transforms Thread 2" [_thread_blocked, id=2644, stack(0x0000007cc1500000,0x0000007cc1600000)]
  0x0000025cbdb27000 JavaThread "jar transforms Thread 3" [_thread_blocked, id=2092, stack(0x0000007cc1700000,0x0000007cc1800000)]
  0x0000025cbdb28800 JavaThread "jar transforms Thread 4" [_thread_blocked, id=8652, stack(0x0000007cc1800000,0x0000007cc1900000)]
  0x0000025cbdb29000 JavaThread "jar transforms Thread 5" [_thread_blocked, id=16952, stack(0x0000007cc1a00000,0x0000007cc1b00000)]
  0x0000025cbb420000 JavaThread "jar transforms Thread 6" [_thread_blocked, id=4972, stack(0x0000007cc6c00000,0x0000007cc6d00000)]
  0x0000025cbb41c800 JavaThread "jar transforms Thread 7" [_thread_blocked, id=9396, stack(0x0000007cc6d00000,0x0000007cc6e00000)]
  0x0000025cbb41d800 JavaThread "jar transforms Thread 8" [_thread_blocked, id=11980, stack(0x0000007cc6e00000,0x0000007cc6f00000)]
  0x0000025cc249d000 JavaThread "Memory manager" [_thread_blocked, id=12040, stack(0x0000007cc7000000,0x0000007cc7100000)]
  0x0000025cc24a5000 JavaThread "Cache worker for Java compile cache (C:\Users\User\.gradle\caches\7.5\javaCompile)" [_thread_blocked, id=10920, stack(0x0000007cc7b00000,0x0000007cc7c00000)]
  0x0000025cc36cc800 JavaThread "ForkJoinPool.commonPool-worker-15" daemon [_thread_blocked, id=9192, stack(0x0000007cc9300000,0x0000007cc9400000)]
  0x0000025cc36cf800 JavaThread "Daemon Thread 5" [_thread_blocked, id=6992, stack(0x0000007cbe200000,0x0000007cbe300000)]
  0x0000025cc36cd000 JavaThread "Handler for socket connection from /127.0.0.1:56696 to /127.0.0.1:56990" [_thread_in_native, id=11780, stack(0x0000007cbe300000,0x0000007cbe400000)]
  0x0000025cc36cf000 JavaThread "Cancel handler" [_thread_blocked, id=5164, stack(0x0000007cbe400000,0x0000007cbe500000)]
  0x0000025cc36d0800 JavaThread "Daemon worker Thread 5" [_thread_blocked, id=16828, stack(0x0000007cbfa00000,0x0000007cbfb00000)]
  0x0000025cc36ce000 JavaThread "Asynchronous log dispatcher for DefaultDaemonConnection: socket connection from /127.0.0.1:56696 to /127.0.0.1:56990" [_thread_blocked, id=11064, stack(0x0000007cbfb00000,0x0000007cbfc00000)]
  0x0000025cc36d1800 JavaThread "Stdin handler" [_thread_blocked, id=2288, stack(0x0000007cbfc00000,0x0000007cbfd00000)]
  0x0000025cc36cb800 JavaThread "Daemon client event forwarder" [_thread_blocked, id=5628, stack(0x0000007cbfd00000,0x0000007cbfe00000)]
  0x0000025cc36d4800 JavaThread "Cache worker for checksums cache (C:\Users\User\AndroidStudioProjects\NHWlesson1\.gradle\7.5\checksums)" [_thread_blocked, id=4956, stack(0x0000007cbfe00000,0x0000007cbff00000)]
  0x0000025cc36d6000 JavaThread "Cache worker for cache directory md-rule (C:\Users\User\.gradle\caches\7.5\md-rule)" [_thread_blocked, id=3024, stack(0x0000007cbff00000,0x0000007cc0000000)]
  0x0000025cc36d8000 JavaThread "Cache worker for file hash cache (C:\Users\User\AndroidStudioProjects\NHWlesson1\.gradle\7.5\fileHashes)" [_thread_blocked, id=13008, stack(0x0000007cc0e00000,0x0000007cc0f00000)]
  0x0000025cc36d3000 JavaThread "Cache worker for cache directory md-supplier (C:\Users\User\.gradle\caches\7.5\md-supplier)" [_thread_blocked, id=7092, stack(0x0000007cc0f00000,0x0000007cc1000000)]
  0x0000025cc36d5800 JavaThread "Cache worker for dependencies-accessors (C:\Users\User\AndroidStudioProjects\NHWlesson1\.gradle\7.5\dependencies-accessors)" [_thread_blocked, id=8784, stack(0x0000007cc1100000,0x0000007cc1200000)]
  0x0000025cc36d2000 JavaThread "Cache worker for Build Output Cleanup Cache (C:\Users\User\AndroidStudioProjects\NHWlesson1\.gradle\buildOutputCleanup)" [_thread_blocked, id=15544, stack(0x0000007cc1200000,0x0000007cc1300000)]
  0x0000025cc36d9800 JavaThread "Unconstrained build operations" [_thread_blocked, id=732, stack(0x0000007cc1b00000,0x0000007cc1c00000)]
  0x0000025cc36d3800 JavaThread "Unconstrained build operations Thread 2" [_thread_blocked, id=11508, stack(0x0000007cc1c00000,0x0000007cc1d00000)]
  0x0000025cc36d7000 JavaThread "Unconstrained build operations Thread 3" [_thread_blocked, id=14268, stack(0x0000007cc1d00000,0x0000007cc1e00000)]
  0x0000025cc36d8800 JavaThread "Unconstrained build operations Thread 4" [_thread_blocked, id=15716, stack(0x0000007cc1e00000,0x0000007cc1f00000)]
  0x0000025cc249d800 JavaThread "Unconstrained build operations Thread 5" [_thread_blocked, id=11112, stack(0x0000007cc1f00000,0x0000007cc2000000)]
  0x0000025cc249c000 JavaThread "Unconstrained build operations Thread 6" [_thread_blocked, id=11692, stack(0x0000007cc2000000,0x0000007cc2100000)]
  0x0000025cc24a0000 JavaThread "Unconstrained build operations Thread 7" [_thread_blocked, id=7780, stack(0x0000007cc2100000,0x0000007cc2200000)]
  0x0000025cc24a1000 JavaThread "Unconstrained build operations Thread 8" [_thread_blocked, id=7392, stack(0x0000007cc2200000,0x0000007cc2300000)]
  0x0000025cc24a3800 JavaThread "Unconstrained build operations Thread 9" [_thread_blocked, id=1216, stack(0x0000007cc2300000,0x0000007cc2400000)]
  0x0000025cc24a4800 JavaThread "Unconstrained build operations Thread 10" [_thread_blocked, id=13776, stack(0x0000007cc2400000,0x0000007cc2500000)]
  0x0000025cc24a2000 JavaThread "Unconstrained build operations Thread 11" [_thread_blocked, id=12596, stack(0x0000007cc2500000,0x0000007cc2600000)]
  0x0000025cc249f800 JavaThread "Unconstrained build operations Thread 12" [_thread_blocked, id=6624, stack(0x0000007cc2600000,0x0000007cc2700000)]
  0x0000025cc249e800 JavaThread "Unconstrained build operations Thread 13" [_thread_blocked, id=3648, stack(0x0000007cc2700000,0x0000007cc2800000)]
  0x0000025cc24a6000 JavaThread "Unconstrained build operations Thread 14" [_thread_blocked, id=17396, stack(0x0000007cc2800000,0x0000007cc2900000)]
  0x0000025cc24a2800 JavaThread "Unconstrained build operations Thread 15" [_thread_blocked, id=16132, stack(0x0000007cc2900000,0x0000007cc2a00000)]
  0x0000025cc24ab000 JavaThread "Unconstrained build operations Thread 16" [_thread_blocked, id=15184, stack(0x0000007cc2a00000,0x0000007cc2b00000)]
  0x0000025cc24aa000 JavaThread "Unconstrained build operations Thread 17" [_thread_blocked, id=14444, stack(0x0000007cc2b00000,0x0000007cc2c00000)]
  0x0000025cc24a6800 JavaThread "Unconstrained build operations Thread 18" [_thread_blocked, id=9040, stack(0x0000007cc2c00000,0x0000007cc2d00000)]
  0x0000025cc24a7800 JavaThread "Unconstrained build operations Thread 19" [_thread_blocked, id=16620, stack(0x0000007cc2d00000,0x0000007cc2e00000)]
  0x0000025cc24a8800 JavaThread "Unconstrained build operations Thread 20" [_thread_blocked, id=16948, stack(0x0000007cc2e00000,0x0000007cc2f00000)]
  0x0000025cc24a9000 JavaThread "Unconstrained build operations Thread 21" [_thread_blocked, id=7952, stack(0x0000007cc2f00000,0x0000007cc3000000)]
  0x0000025cbb412000 JavaThread "Unconstrained build operations Thread 22" [_thread_blocked, id=15916, stack(0x0000007cc3000000,0x0000007cc3100000)]
  0x0000025cbb413800 JavaThread "Unconstrained build operations Thread 23" [_thread_blocked, id=8484, stack(0x0000007cc3100000,0x0000007cc3200000)]
  0x0000025cbb412800 JavaThread "Unconstrained build operations Thread 24" [_thread_blocked, id=14664, stack(0x0000007cc3200000,0x0000007cc3300000)]
  0x0000025cbb414800 JavaThread "Unconstrained build operations Thread 25" [_thread_blocked, id=12340, stack(0x0000007cc3300000,0x0000007cc3400000)]
  0x0000025cbb417000 JavaThread "Unconstrained build operations Thread 26" [_thread_blocked, id=1480, stack(0x0000007cc3400000,0x0000007cc3500000)]
  0x0000025cbb411000 JavaThread "Unconstrained build operations Thread 27" [_thread_blocked, id=15824, stack(0x0000007cc3500000,0x0000007cc3600000)]
  0x0000025cbb418800 JavaThread "Unconstrained build operations Thread 28" [_thread_blocked, id=13816, stack(0x0000007cc3600000,0x0000007cc3700000)]
  0x0000025cbb415000 JavaThread "Unconstrained build operations Thread 29" [_thread_blocked, id=10712, stack(0x0000007cc3700000,0x0000007cc3800000)]
  0x0000025cbb41b000 JavaThread "Unconstrained build operations Thread 30" [_thread_blocked, id=1440, stack(0x0000007cc3800000,0x0000007cc3900000)]
  0x0000025cbb41a000 JavaThread "Unconstrained build operations Thread 31" [_thread_blocked, id=10276, stack(0x0000007cc3900000,0x0000007cc3a00000)]
  0x0000025cbb41b800 JavaThread "Unconstrained build operations Thread 32" [_thread_blocked, id=5244, stack(0x0000007cc3a00000,0x0000007cc3b00000)]
  0x0000025cbb416000 JavaThread "Unconstrained build operations Thread 33" [_thread_blocked, id=16100, stack(0x0000007cc3b00000,0x0000007cc3c00000)]
  0x0000025cbb417800 JavaThread "Unconstrained build operations Thread 34" [_thread_blocked, id=9048, stack(0x0000007cc3c00000,0x0000007cc3d00000)]
  0x0000025cbb41e000 JavaThread "Unconstrained build operations Thread 35" [_thread_blocked, id=4420, stack(0x0000007cc3d00000,0x0000007cc3e00000)]
  0x0000025cbb41f000 JavaThread "Unconstrained build operations Thread 36" [_thread_blocked, id=8084, stack(0x0000007cc3e00000,0x0000007cc3f00000)]
  0x0000025cbb419800 JavaThread "Unconstrained build operations Thread 37" [_thread_blocked, id=13196, stack(0x0000007cc3f00000,0x0000007cc4000000)]
  0x0000025cbdb25000 JavaThread "Unconstrained build operations Thread 38" [_thread_blocked, id=11192, stack(0x0000007cc4000000,0x0000007cc4100000)]
  0x0000025cbdb27800 JavaThread "Unconstrained build operations Thread 39" [_thread_blocked, id=12996, stack(0x0000007cc4100000,0x0000007cc4200000)]
  0x0000025cbdb22000 JavaThread "Unconstrained build operations Thread 40" [_thread_blocked, id=1236, stack(0x0000007cc4200000,0x0000007cc4300000)]
  0x0000025cbdb22800 JavaThread "Unconstrained build operations Thread 41" [_thread_blocked, id=11708, stack(0x0000007cc4300000,0x0000007cc4400000)]
  0x0000025cbdb2f000 JavaThread "Unconstrained build operations Thread 42" [_thread_blocked, id=4928, stack(0x0000007cc4400000,0x0000007cc4500000)]
  0x0000025cbdb2c800 JavaThread "Unconstrained build operations Thread 43" [_thread_blocked, id=3640, stack(0x0000007cc4500000,0x0000007cc4600000)]
  0x0000025cbdb2a000 JavaThread "Unconstrained build operations Thread 44" [_thread_blocked, id=10124, stack(0x0000007cc4600000,0x0000007cc4700000)]
  0x0000025cbdb2b000 JavaThread "Unconstrained build operations Thread 45" [_thread_blocked, id=12584, stack(0x0000007cc4700000,0x0000007cc4800000)]
  0x0000025cbdb2b800 JavaThread "Unconstrained build operations Thread 46" [_thread_blocked, id=3912, stack(0x0000007cc4800000,0x0000007cc4900000)]
  0x0000025cbdb2e000 JavaThread "Unconstrained build operations Thread 47" [_thread_blocked, id=14092, stack(0x0000007cc4900000,0x0000007cc4a00000)]
  0x0000025cbdb2d800 JavaThread "Unconstrained build operations Thread 48" [_thread_blocked, id=11100, stack(0x0000007cc4a00000,0x0000007cc4b00000)]
  0x0000025cbca7f000 JavaThread "Unconstrained build operations Thread 49" [_thread_blocked, id=9432, stack(0x0000007cc4b00000,0x0000007cc4c00000)]
  0x0000025cbca81800 JavaThread "Unconstrained build operations Thread 50" [_thread_blocked, id=9536, stack(0x0000007cc4c00000,0x0000007cc4d00000)]
  0x0000025cbca7c800 JavaThread "Unconstrained build operations Thread 51" [_thread_blocked, id=11296, stack(0x0000007cc4d00000,0x0000007cc4e00000)]
  0x0000025cbd4c2000 JavaThread "Unconstrained build operations Thread 52" [_thread_blocked, id=10644, stack(0x0000007cc4e00000,0x0000007cc4f00000)]
  0x0000025cbd4c6800 JavaThread "Unconstrained build operations Thread 53" [_thread_blocked, id=15660, stack(0x0000007cc4f00000,0x0000007cc5000000)]
  0x0000025cbd4c7800 JavaThread "Unconstrained build operations Thread 54" [_thread_blocked, id=14588, stack(0x0000007cc5000000,0x0000007cc5100000)]
  0x0000025cbd4c8800 JavaThread "Unconstrained build operations Thread 55" [_thread_blocked, id=9168, stack(0x0000007cc5100000,0x0000007cc5200000)]
  0x0000025cbd4c3800 JavaThread "Unconstrained build operations Thread 56" [_thread_blocked, id=15852, stack(0x0000007cc5200000,0x0000007cc5300000)]
  0x0000025cbd4c4000 JavaThread "Unconstrained build operations Thread 57" [_thread_blocked, id=12364, stack(0x0000007cc5300000,0x0000007cc5400000)]
  0x0000025cbd4c2800 JavaThread "Unconstrained build operations Thread 58" [_thread_blocked, id=13736, stack(0x0000007cc5400000,0x0000007cc5500000)]
  0x0000025cbd4c9000 JavaThread "Unconstrained build operations Thread 59" [_thread_blocked, id=11172, stack(0x0000007cc5500000,0x0000007cc5600000)]
  0x0000025cbd4c6000 JavaThread "Unconstrained build operations Thread 60" [_thread_blocked, id=16776, stack(0x0000007cc5600000,0x0000007cc5700000)]
  0x0000025cbd4ca000 JavaThread "Unconstrained build operations Thread 61" [_thread_blocked, id=15880, stack(0x0000007cc5700000,0x0000007cc5800000)]
  0x0000025cbd4cb000 JavaThread "Unconstrained build operations Thread 62" [_thread_blocked, id=13664, stack(0x0000007cc5800000,0x0000007cc5900000)]
  0x0000025cbd4c5000 JavaThread "Unconstrained build operations Thread 63" [_thread_blocked, id=11720, stack(0x0000007cc5900000,0x0000007cc5a00000)]
  0x0000025cbd4cc800 JavaThread "Unconstrained build operations Thread 64" [_thread_blocked, id=11424, stack(0x0000007cc5a00000,0x0000007cc5b00000)]
  0x0000025cbd4cd000 JavaThread "Unconstrained build operations Thread 65" [_thread_blocked, id=2420, stack(0x0000007cc5b00000,0x0000007cc5c00000)]
  0x0000025cbd4ce000 JavaThread "Unconstrained build operations Thread 66" [_thread_blocked, id=11128, stack(0x0000007cc5c00000,0x0000007cc5d00000)]
  0x0000025cbd4cf000 JavaThread "Unconstrained build operations Thread 67" [_thread_blocked, id=17352, stack(0x0000007cc5d00000,0x0000007cc5e00000)]
  0x0000025cbd4cb800 JavaThread "Unconstrained build operations Thread 68" [_thread_blocked, id=12836, stack(0x0000007cc5e00000,0x0000007cc5f00000)]
  0x0000025cbd4cf800 JavaThread "Unconstrained build operations Thread 69" [_thread_blocked, id=10324, stack(0x0000007cc5f00000,0x0000007cc6000000)]
  0x0000025cbd4d0800 JavaThread "Unconstrained build operations Thread 70" [_thread_blocked, id=13656, stack(0x0000007cc6000000,0x0000007cc6100000)]
  0x0000025cc02d1000 JavaThread "Unconstrained build operations Thread 71" [_thread_blocked, id=5420, stack(0x0000007cc6100000,0x0000007cc6200000)]
  0x0000025cc02cf800 JavaThread "Unconstrained build operations Thread 72" [_thread_blocked, id=1616, stack(0x0000007cc6200000,0x0000007cc6300000)]
  0x0000025cc02ce800 JavaThread "Unconstrained build operations Thread 73" [_thread_blocked, id=4920, stack(0x0000007cc6300000,0x0000007cc6400000)]
  0x0000025cc02d0800 JavaThread "Unconstrained build operations Thread 74" [_thread_blocked, id=16688, stack(0x0000007cc6400000,0x0000007cc6500000)]
  0x0000025cc02d2800 JavaThread "Unconstrained build operations Thread 75" [_thread_blocked, id=14308, stack(0x0000007cc6500000,0x0000007cc6600000)]
  0x0000025cc02ce000 JavaThread "Unconstrained build operations Thread 76" [_thread_blocked, id=11648, stack(0x0000007cc6600000,0x0000007cc6700000)]
  0x0000025cc02d2000 JavaThread "Unconstrained build operations Thread 77" [_thread_blocked, id=11680, stack(0x0000007cc6700000,0x0000007cc6800000)]
  0x0000025cc02d3800 JavaThread "Unconstrained build operations Thread 78" [_thread_blocked, id=13304, stack(0x0000007cc6800000,0x0000007cc6900000)]
  0x0000025cc02d4800 JavaThread "Unconstrained build operations Thread 79" [_thread_blocked, id=11336, stack(0x0000007cc6900000,0x0000007cc6a00000)]
  0x0000025cc6b03000 JavaThread "Unconstrained build operations Thread 80" [_thread_blocked, id=11224, stack(0x0000007cc6a00000,0x0000007cc6b00000)]
  0x0000025cc6aff800 JavaThread "build event listener" [_thread_blocked, id=6956, stack(0x0000007cc6b00000,0x0000007cc6c00000)]
  0x0000025cc6b01800 JavaThread "included builds" [_thread_blocked, id=16332, stack(0x0000007cc6f00000,0x0000007cc7000000)]
  0x0000025cc6b04800 JavaThread "Execution worker" [_thread_blocked, id=5492, stack(0x0000007cc7200000,0x0000007cc7300000)]
  0x0000025cc6b02000 JavaThread "Execution worker Thread 2" [_thread_blocked, id=6224, stack(0x0000007cc7300000,0x0000007cc7400000)]
  0x0000025cc6b04000 JavaThread "Execution worker Thread 3" [_thread_blocked, id=15064, stack(0x0000007cc7400000,0x0000007cc7500000)]
  0x0000025cc6aff000 JavaThread "Execution worker Thread 4" [_thread_blocked, id=2676, stack(0x0000007cc7500000,0x0000007cc7600000)]
  0x0000025cc6b05800 JavaThread "Execution worker Thread 5" [_thread_blocked, id=7840, stack(0x0000007cc7600000,0x0000007cc7700000)]
  0x0000025cc6b06800 JavaThread "Execution worker Thread 6" [_thread_blocked, id=7320, stack(0x0000007cc7700000,0x0000007cc7800000)]
  0x0000025cc6b00800 JavaThread "Execution worker Thread 7" [_thread_blocked, id=8852, stack(0x0000007cc7800000,0x0000007cc7900000)]
  0x0000025cc6b0b000 JavaThread "Cache worker for execution history cache (C:\Users\User\AndroidStudioProjects\NHWlesson1\.gradle\7.5\executionHistory)" [_thread_blocked, id=11660, stack(0x0000007cc7900000,0x0000007cc7a00000)]
  0x0000025cc094d000 JavaThread "C2 CompilerThread1" daemon [_thread_blocked, id=15664, stack(0x0000007cc1600000,0x0000007cc1700000)]
  0x0000025cc6b0a800 JavaThread "WorkerExecutor Queue" [_thread_blocked, id=10520, stack(0x0000007cc1900000,0x0000007cc1a00000)]
  0x0000025cc6a81000 JavaThread "C2 CompilerThread2" daemon [_thread_blocked, id=2512, stack(0x0000007cc7a00000,0x0000007cc7b00000)]
  0x0000025cc6b0c000 JavaThread "WorkerExecutor Queue Thread 2" [_thread_blocked, id=7956, stack(0x0000007cc7c00000,0x0000007cc7d00000)]
  0x0000025cc6b0d000 JavaThread "WorkerExecutor Queue Thread 3" [_thread_blocked, id=17028, stack(0x0000007cc7d00000,0x0000007cc7e00000)]
  0x0000025cc6b08000 JavaThread "WorkerExecutor Queue Thread 4" [_thread_blocked, id=17348, stack(0x0000007cc7e00000,0x0000007cc7f00000)]
  0x0000025cc6b09800 JavaThread "WorkerExecutor Queue Thread 5" [_thread_blocked, id=11108, stack(0x0000007cc7f00000,0x0000007cc8000000)]
  0x0000025cc6b08800 JavaThread "WorkerExecutor Queue Thread 6" [_thread_blocked, id=1636, stack(0x0000007cc8000000,0x0000007cc8100000)]
  0x0000025cc6b07000 JavaThread "WorkerExecutor Queue Thread 7" [_thread_blocked, id=16176, stack(0x0000007cc8100000,0x0000007cc8200000)]
  0x0000025cc6b0d800 JavaThread "WorkerExecutor Queue Thread 8" [_thread_blocked, id=13640, stack(0x0000007cc8200000,0x0000007cc8300000)]
  0x0000025cc075e800 JavaThread "WorkerExecutor Queue Thread 9" [_thread_blocked, id=9456, stack(0x0000007cc8400000,0x0000007cc8500000)]

Other Threads:
=>0x0000025cb9f15000 VMThread "VM Thread" [stack: 0x0000007cbeb00000,0x0000007cbec00000] [id=6044]
  0x0000025cbaa48800 WatcherThread [stack: 0x0000007cbf500000,0x0000007cbf600000] [id=5556]
  0x0000025c9fa8b800 GCTaskThread "GC Thread#0" [stack: 0x0000007cbe600000,0x0000007cbe700000] [id=16556]
  0x0000025cbc07f800 GCTaskThread "GC Thread#1" [stack: 0x0000007cbf800000,0x0000007cbf900000] [id=12420]
  0x0000025cbceef800 GCTaskThread "GC Thread#2" [stack: 0x0000007cc0100000,0x0000007cc0200000] [id=14136]
  0x0000025cbd255800 GCTaskThread "GC Thread#3" [stack: 0x0000007cc0200000,0x0000007cc0300000] [id=13680]
  0x0000025cbd256000 GCTaskThread "GC Thread#4" [stack: 0x0000007cc0300000,0x0000007cc0400000] [id=11612]
  0x0000025cbbfa9800 GCTaskThread "GC Thread#5" [stack: 0x0000007cc0400000,0x0000007cc0500000] [id=13224]
  0x0000025cbbfaa800 GCTaskThread "GC Thread#6" [stack: 0x0000007cc0500000,0x0000007cc0600000] [id=8528]
  0x0000025cbc781000 GCTaskThread "GC Thread#7" [stack: 0x0000007cc0600000,0x0000007cc0700000] [id=14156]
  0x0000025c9fabb800 ConcurrentGCThread "G1 Main Marker" [stack: 0x0000007cbe700000,0x0000007cbe800000] [id=5956]
  0x0000025c9fabc800 ConcurrentGCThread "G1 Conc#0" [stack: 0x0000007cbe800000,0x0000007cbe900000] [id=12916]
  0x0000025cbcbf1000 ConcurrentGCThread "G1 Conc#1" [stack: 0x0000007cc0900000,0x0000007cc0a00000] [id=13144]
  0x0000025cb9d60800 ConcurrentGCThread "G1 Refine#0" [stack: 0x0000007cbe900000,0x0000007cbea00000] [id=17328]
  0x0000025cbd57f000 ConcurrentGCThread "G1 Refine#1" [stack: 0x0000007cc7100000,0x0000007cc7200000] [id=1892]
  0x0000025cbd580000 ConcurrentGCThread "G1 Refine#2" [stack: 0x0000007cc0000000,0x0000007cc0100000] [id=16452]
  0x0000025cbd57b000 ConcurrentGCThread "G1 Refine#3" [stack: 0x0000007cc0d00000,0x0000007cc0e00000] [id=6812]
  0x0000025cb9d61800 ConcurrentGCThread "G1 Young RemSet Sampling" [stack: 0x0000007cbea00000,0x0000007cbeb00000] [id=456]

Threads with active compile tasks:
C2 CompilerThread0   744708 20040       4       org.gradle.internal.snapshot.AbstractListChildMap::store (72 bytes)
C1 CompilerThread0   744708 20146       3       com.android.build.gradle.internal.dependency.AarTransform$Parameters_Decorated::getSharedLibSupport (34 bytes)
C2 CompilerThread1   744708 20057       4       org.gradle.internal.instantiation.generator.AbstractClassGenerator::inspectType (560 bytes)
C2 CompilerThread2   744708 20108   !   4       java.io.BufferedReader::readLine (304 bytes)

VM state:at safepoint (normal execution)

VM Mutex/Monitor currently owned by a thread:  ([mutex/lock_event])
[0x0000025c9fa6c270] Threads_lock - owner thread: 0x0000025cb9f15000
[0x0000025c9fa6c300] Heap_lock - owner thread: 0x0000025cc36d8000

Heap address: 0x0000000080000000, size: 2048 MB, Compressed Oops mode: 32-bit
Narrow klass base: 0x0000000000000000, Narrow klass shift: 3
Compressed class space size: 1073741824 Address: 0x0000000100000000

Heap:
 garbage-first heap   total 278528K, used 111758K [0x0000000080000000, 0x0000000100000000)
  region size 1024K, 1 young (1024K), 1 survivors (1024K)
 Metaspace       used 128526K, capacity 133024K, committed 133148K, reserved 1165312K
  class space    used 16489K, capacity 18228K, committed 18284K, reserved 1048576K
Heap Regions: E=young(eden), S=young(survivor), O=old, HS=humongous(starts), HC=humongous(continues), CS=collection set, F=free, A=archive, TAMS=top-at-mark-start (previous, next)
|   0|0x0000000080000000, 0x0000000080100000, 0x0000000080100000|100%| O|  |TAMS 0x0000000080100000, 0x0000000080000000| Untracked 
|   1|0x0000000080100000, 0x0000000080200000, 0x0000000080200000|100%| O|  |TAMS 0x0000000080200000, 0x0000000080100000| Untracked 
|   2|0x0000000080200000, 0x0000000080300000, 0x0000000080300000|100%| O|  |TAMS 0x0000000080300000, 0x0000000080200000| Untracked 
|   3|0x0000000080300000, 0x0000000080400000, 0x0000000080400000|100%|HS|  |TAMS 0x0000000080400000, 0x0000000080300000| Complete 
|   4|0x0000000080400000, 0x0000000080500000, 0x0000000080500000|100%|HC|  |TAMS 0x0000000080500000, 0x0000000080400000| Complete 
|   5|0x0000000080500000, 0x0000000080600000, 0x0000000080600000|100%|HC|  |TAMS 0x0000000080600000, 0x0000000080500000| Complete 
|   6|0x0000000080600000, 0x0000000080700000, 0x0000000080700000|100%| O|  |TAMS 0x0000000080700000, 0x0000000080600000| Untracked 
|   7|0x0000000080700000, 0x0000000080800000, 0x0000000080800000|100%| O|  |TAMS 0x0000000080800000, 0x0000000080700000| Untracked 
|   8|0x0000000080800000, 0x0000000080900000, 0x0000000080900000|100%| O|  |TAMS 0x0000000080900000, 0x0000000080800000| Untracked 
|   9|0x0000000080900000, 0x0000000080a00000, 0x0000000080a00000|100%| O|  |TAMS 0x0000000080a00000, 0x0000000080900000| Untracked 
|  10|0x0000000080a00000, 0x0000000080b00000, 0x0000000080b00000|100%| O|  |TAMS 0x0000000080b00000, 0x0000000080a00000| Complete 
|  11|0x0000000080b00000, 0x0000000080c00000, 0x0000000080c00000|100%| O|  |TAMS 0x0000000080c00000, 0x0000000080b00000| Untracked 
|  12|0x0000000080c00000, 0x0000000080d00000, 0x0000000080d00000|100%| O|  |TAMS 0x0000000080d00000, 0x0000000080c00000| Untracked 
|  13|0x0000000080d00000, 0x0000000080e00000, 0x0000000080e00000|100%| O|  |TAMS 0x0000000080e00000, 0x0000000080d00000| Complete 
|  14|0x0000000080e00000, 0x0000000080f00000, 0x0000000080f00000|100%| O|  |TAMS 0x0000000080f00000, 0x0000000080e00000| Untracked 
|  15|0x0000000080f00000, 0x0000000081000000, 0x0000000081000000|100%| O|  |TAMS 0x0000000081000000, 0x0000000080f00000| Complete 
|  16|0x0000000081000000, 0x0000000081100000, 0x0000000081100000|100%|HS|  |TAMS 0x0000000081100000, 0x0000000081000000| Complete 
|  17|0x0000000081100000, 0x0000000081200000, 0x0000000081200000|100%| O|  |TAMS 0x0000000081200000, 0x0000000081100000| Untracked 
|  18|0x0000000081200000, 0x0000000081300000, 0x0000000081300000|100%| O|  |TAMS 0x0000000081300000, 0x0000000081200000| Untracked 
|  19|0x0000000081300000, 0x0000000081400000, 0x0000000081400000|100%| O|  |TAMS 0x0000000081400000, 0x0000000081300000| Untracked 
|  20|0x0000000081400000, 0x0000000081500000, 0x0000000081500000|100%| O|  |TAMS 0x0000000081500000, 0x0000000081400000| Complete 
|  21|0x0000000081500000, 0x0000000081600000, 0x0000000081600000|100%| O|  |TAMS 0x0000000081600000, 0x0000000081500000| Untracked 
|  22|0x0000000081600000, 0x0000000081700000, 0x0000000081700000|100%| O|  |TAMS 0x0000000081700000, 0x0000000081600000| Untracked 
|  23|0x0000000081700000, 0x0000000081800000, 0x0000000081800000|100%| O|  |TAMS 0x0000000081800000, 0x0000000081700000| Untracked 
|  24|0x0000000081800000, 0x0000000081900000, 0x0000000081900000|100%| O|  |TAMS 0x0000000081900000, 0x0000000081800000| Untracked 
|  25|0x0000000081900000, 0x0000000081a00000, 0x0000000081a00000|100%| O|  |TAMS 0x0000000081a00000, 0x0000000081900000| Untracked 
|  26|0x0000000081a00000, 0x0000000081b00000, 0x0000000081b00000|100%| O|  |TAMS 0x0000000081b00000, 0x0000000081a00000| Untracked 
|  27|0x0000000081b00000, 0x0000000081c00000, 0x0000000081c00000|100%| O|  |TAMS 0x0000000081c00000, 0x0000000081b00000| Complete 
|  28|0x0000000081c00000, 0x0000000081d00000, 0x0000000081d00000|100%|HS|  |TAMS 0x0000000081d00000, 0x0000000081c00000| Complete 
|  29|0x0000000081d00000, 0x0000000081e00000, 0x0000000081e00000|100%| O|  |TAMS 0x0000000081e00000, 0x0000000081d00000| Untracked 
|  30|0x0000000081e00000, 0x0000000081f00000, 0x0000000081f00000|100%| O|  |TAMS 0x0000000081f00000, 0x0000000081e00000| Untracked 
|  31|0x0000000081f00000, 0x0000000082000000, 0x0000000082000000|100%| O|  |TAMS 0x0000000082000000, 0x0000000081f00000| Untracked 
|  32|0x0000000082000000, 0x0000000082100000, 0x0000000082100000|100%| O|  |TAMS 0x0000000082100000, 0x0000000082000000| Untracked 
|  33|0x0000000082100000, 0x0000000082200000, 0x0000000082200000|100%| O|  |TAMS 0x0000000082125200, 0x0000000082100000| Untracked 
|  34|0x0000000082200000, 0x0000000082300000, 0x0000000082300000|100%| O|  |TAMS 0x0000000082300000, 0x0000000082200000| Complete 
|  35|0x0000000082300000, 0x0000000082400000, 0x0000000082400000|100%| O|  |TAMS 0x0000000082400000, 0x0000000082300000| Complete 
|  36|0x0000000082400000, 0x0000000082500000, 0x0000000082500000|100%| O|  |TAMS 0x0000000082500000, 0x0000000082400000| Untracked 
|  37|0x0000000082500000, 0x0000000082600000, 0x0000000082600000|100%| O|  |TAMS 0x0000000082600000, 0x0000000082500000| Untracked 
|  38|0x0000000082600000, 0x0000000082700000, 0x0000000082700000|100%| O|  |TAMS 0x0000000082700000, 0x0000000082600000| Complete 
|  39|0x0000000082700000, 0x0000000082800000, 0x0000000082800000|100%| O|  |TAMS 0x0000000082800000, 0x0000000082700000| Complete 
|  40|0x0000000082800000, 0x0000000082900000, 0x0000000082900000|100%| O|  |TAMS 0x0000000082900000, 0x0000000082800000| Untracked 
|  41|0x0000000082900000, 0x0000000082a00000, 0x0000000082a00000|100%| O|  |TAMS 0x0000000082a00000, 0x0000000082900000| Untracked 
|  42|0x0000000082a00000, 0x0000000082b00000, 0x0000000082b00000|100%| O|  |TAMS 0x0000000082b00000, 0x0000000082a00000| Untracked 
|  43|0x0000000082b00000, 0x0000000082c00000, 0x0000000082c00000|100%| O|  |TAMS 0x0000000082c00000, 0x0000000082b00000| Untracked 
|  44|0x0000000082c00000, 0x0000000082d00000, 0x0000000082d00000|100%| O|  |TAMS 0x0000000082d00000, 0x0000000082c00000| Untracked 
|  45|0x0000000082d00000, 0x0000000082e00000, 0x0000000082e00000|100%| O|  |TAMS 0x0000000082e00000, 0x0000000082d00000| Untracked 
|  46|0x0000000082e00000, 0x0000000082f00000, 0x0000000082f00000|100%| O|  |TAMS 0x0000000082f00000, 0x0000000082e00000| Untracked 
|  47|0x0000000082f00000, 0x0000000083000000, 0x0000000083000000|100%| O|  |TAMS 0x0000000083000000, 0x0000000082f00000| Untracked 
|  48|0x0000000083000000, 0x0000000083100000, 0x0000000083100000|100%| O|  |TAMS 0x0000000083100000, 0x0000000083000000| Complete 
|  49|0x0000000083100000, 0x0000000083200000, 0x0000000083200000|100%| O|  |TAMS 0x0000000083200000, 0x0000000083100000| Complete 
|  50|0x0000000083200000, 0x0000000083300000, 0x0000000083300000|100%| O|  |TAMS 0x0000000083300000, 0x0000000083200000| Untracked 
|  51|0x0000000083300000, 0x0000000083400000, 0x0000000083400000|100%| O|  |TAMS 0x0000000083400000, 0x0000000083300000| Untracked 
|  52|0x0000000083400000, 0x0000000083500000, 0x0000000083500000|100%| O|  |TAMS 0x0000000083500000, 0x0000000083400000| Untracked 
|  53|0x0000000083500000, 0x0000000083600000, 0x0000000083600000|100%| O|  |TAMS 0x0000000083600000, 0x0000000083500000| Untracked 
|  54|0x0000000083600000, 0x0000000083700000, 0x0000000083700000|100%| O|  |TAMS 0x0000000083700000, 0x0000000083600000| Complete 
|  55|0x0000000083700000, 0x0000000083800000, 0x0000000083800000|100%| O|  |TAMS 0x0000000083800000, 0x0000000083700000| Untracked 
|  56|0x0000000083800000, 0x0000000083900000, 0x0000000083900000|100%| O|  |TAMS 0x0000000083900000, 0x0000000083800000| Untracked 
|  57|0x0000000083900000, 0x0000000083a00000, 0x0000000083a00000|100%| O|  |TAMS 0x0000000083a00000, 0x0000000083900000| Untracked 
|  58|0x0000000083a00000, 0x0000000083b00000, 0x0000000083b00000|100%| O|  |TAMS 0x0000000083b00000, 0x0000000083a00000| Complete 
|  59|0x0000000083b00000, 0x0000000083c00000, 0x0000000083c00000|100%| O|  |TAMS 0x0000000083c00000, 0x0000000083b00000| Untracked 
|  60|0x0000000083c00000, 0x0000000083d00000, 0x0000000083d00000|100%| O|  |TAMS 0x0000000083d00000, 0x0000000083c00000| Complete 
|  61|0x0000000083d00000, 0x0000000083e00000, 0x0000000083e00000|100%| O|  |TAMS 0x0000000083e00000, 0x0000000083d00000| Complete 
|  62|0x0000000083e00000, 0x0000000083f00000, 0x0000000083f00000|100%| O|  |TAMS 0x0000000083f00000, 0x0000000083e00000| Complete 
|  63|0x0000000083f00000, 0x0000000084000000, 0x0000000084000000|100%| O|  |TAMS 0x0000000084000000, 0x0000000083f00000| Untracked 
|  64|0x0000000084000000, 0x0000000084100000, 0x0000000084100000|100%| O|  |TAMS 0x0000000084100000, 0x0000000084000000| Complete 
|  65|0x0000000084100000, 0x0000000084200000, 0x0000000084200000|100%| O|  |TAMS 0x0000000084200000, 0x0000000084100000| Complete 
|  66|0x0000000084200000, 0x0000000084300000, 0x0000000084300000|100%| O|  |TAMS 0x0000000084200000, 0x0000000084200000| Untracked 
|  67|0x0000000084300000, 0x0000000084400000, 0x0000000084400000|100%| O|  |TAMS 0x0000000084400000, 0x0000000084300000| Complete 
|  68|0x0000000084400000, 0x0000000084500000, 0x0000000084500000|100%| O|  |TAMS 0x0000000084500000, 0x0000000084400000| Untracked 
|  69|0x0000000084500000, 0x0000000084600000, 0x0000000084600000|100%| O|  |TAMS 0x0000000084600000, 0x0000000084500000| Complete 
|  70|0x0000000084600000, 0x0000000084700000, 0x0000000084700000|100%| O|  |TAMS 0x0000000084700000, 0x0000000084600000| Untracked 
|  71|0x0000000084700000, 0x0000000084800000, 0x0000000084800000|100%| O|  |TAMS 0x0000000084800000, 0x0000000084700000| Untracked 
|  72|0x0000000084800000, 0x0000000084900000, 0x0000000084900000|100%| O|  |TAMS 0x0000000084900000, 0x0000000084800000| Complete 
|  73|0x0000000084900000, 0x0000000084a00000, 0x0000000084a00000|100%| O|  |TAMS 0x0000000084a00000, 0x0000000084900000| Untracked 
|  74|0x0000000084a00000, 0x0000000084b00000, 0x0000000084b00000|100%| O|  |TAMS 0x0000000084b00000, 0x0000000084a00000| Untracked 
|  75|0x0000000084b00000, 0x0000000084c00000, 0x0000000084c00000|100%| O|  |TAMS 0x0000000084c00000, 0x0000000084b00000| Complete 
|  76|0x0000000084c00000, 0x0000000084d00000, 0x0000000084d00000|100%| O|  |TAMS 0x0000000084c00000, 0x0000000084c00000| Untracked 
|  77|0x0000000084d00000, 0x0000000084e00000, 0x0000000084e00000|100%| O|  |TAMS 0x0000000084e00000, 0x0000000084d00000| Untracked 
|  78|0x0000000084e00000, 0x0000000084f00000, 0x0000000084f00000|100%| O|  |TAMS 0x0000000084f00000, 0x0000000084e00000| Complete 
|  79|0x0000000084f00000, 0x0000000085000000, 0x0000000085000000|100%| O|  |TAMS 0x0000000085000000, 0x0000000084f00000| Complete 
|  80|0x0000000085000000, 0x0000000085100000, 0x0000000085100000|100%| O|  |TAMS 0x0000000085100000, 0x0000000085000000| Complete 
|  81|0x0000000085100000, 0x0000000085200000, 0x0000000085200000|100%| O|  |TAMS 0x0000000085200000, 0x0000000085100000| Untracked 
|  82|0x0000000085200000, 0x0000000085300000, 0x0000000085300000|100%| O|  |TAMS 0x0000000085200000, 0x0000000085200000| Untracked 
|  83|0x0000000085300000, 0x0000000085400000, 0x0000000085400000|100%| O|  |TAMS 0x0000000085400000, 0x0000000085300000| Complete 
|  84|0x0000000085400000, 0x000000008544a200, 0x0000000085500000| 28%| O|  |TAMS 0x0000000085400000, 0x0000000085400000| Untracked 
|  85|0x0000000085500000, 0x0000000085600000, 0x0000000085600000|100%| O|  |TAMS 0x0000000085600000, 0x0000000085500000| Untracked 
|  86|0x0000000085600000, 0x0000000085600000, 0x0000000085700000|  0%| F|  |TAMS 0x0000000085600000, 0x0000000085600000| Untracked 
|  87|0x0000000085700000, 0x0000000085800000, 0x0000000085800000|100%| O|  |TAMS 0x0000000085800000, 0x0000000085700000| Untracked 
|  88|0x0000000085800000, 0x0000000085800000, 0x0000000085900000|  0%| F|  |TAMS 0x0000000085800000, 0x0000000085800000| Untracked 
|  89|0x0000000085900000, 0x0000000085900000, 0x0000000085a00000|  0%| F|  |TAMS 0x0000000085900000, 0x0000000085900000| Untracked 
|  90|0x0000000085a00000, 0x0000000085a00000, 0x0000000085b00000|  0%| F|  |TAMS 0x0000000085a00000, 0x0000000085a00000| Untracked 
|  91|0x0000000085b00000, 0x0000000085c00000, 0x0000000085c00000|100%| O|  |TAMS 0x0000000085c00000, 0x0000000085b00000| Untracked 
|  92|0x0000000085c00000, 0x0000000085d00000, 0x0000000085d00000|100%| O|  |TAMS 0x0000000085d00000, 0x0000000085c00000| Untracked 
|  93|0x0000000085d00000, 0x0000000085e00000, 0x0000000085e00000|100%| O|  |TAMS 0x0000000085e00000, 0x0000000085d00000| Untracked 
|  94|0x0000000085e00000, 0x0000000085f00000, 0x0000000085f00000|100%| O|  |TAMS 0x0000000085f00000, 0x0000000085e00000| Complete 
|  95|0x0000000085f00000, 0x0000000086000000, 0x0000000086000000|100%| O|  |TAMS 0x0000000086000000, 0x0000000085f00000| Untracked 
|  96|0x0000000086000000, 0x0000000086100000, 0x0000000086100000|100%| O|  |TAMS 0x0000000086100000, 0x0000000086000000| Untracked 
|  97|0x0000000086100000, 0x0000000086200000, 0x0000000086200000|100%| O|  |TAMS 0x0000000086200000, 0x0000000086100000| Untracked 
|  98|0x0000000086200000, 0x0000000086300000, 0x0000000086300000|100%| O|  |TAMS 0x0000000086300000, 0x0000000086200000| Untracked 
|  99|0x0000000086300000, 0x0000000086400000, 0x0000000086400000|100%| O|  |TAMS 0x0000000086400000, 0x0000000086300000| Untracked 
| 100|0x0000000086400000, 0x0000000086500000, 0x0000000086500000|100%| O|  |TAMS 0x0000000086500000, 0x0000000086400000| Complete 
| 101|0x0000000086500000, 0x0000000086500000, 0x0000000086600000|  0%| F|  |TAMS 0x0000000086500000, 0x0000000086500000| Untracked 
| 102|0x0000000086600000, 0x0000000086700000, 0x0000000086700000|100%| O|  |TAMS 0x0000000086700000, 0x0000000086600000| Complete 
| 103|0x0000000086700000, 0x0000000086800000, 0x0000000086800000|100%| O|  |TAMS 0x0000000086800000, 0x0000000086700000| Complete 
| 104|0x0000000086800000, 0x0000000086900000, 0x0000000086900000|100%| O|  |TAMS 0x0000000086900000, 0x0000000086800000| Complete 
| 105|0x0000000086900000, 0x0000000086900000, 0x0000000086a00000|  0%| F|  |TAMS 0x0000000086900000, 0x0000000086900000| Untracked 
| 106|0x0000000086a00000, 0x0000000086a00000, 0x0000000086b00000|  0%| F|  |TAMS 0x0000000086a00000, 0x0000000086a00000| Untracked 
| 107|0x0000000086b00000, 0x0000000086b00000, 0x0000000086c00000|  0%| F|  |TAMS 0x0000000086b00000, 0x0000000086b00000| Untracked 
| 108|0x0000000086c00000, 0x0000000086d00000, 0x0000000086d00000|100%| O|  |TAMS 0x0000000086d00000, 0x0000000086c00000| Complete 
| 109|0x0000000086d00000, 0x0000000086d00000, 0x0000000086e00000|  0%| F|  |TAMS 0x0000000086d00000, 0x0000000086d00000| Untracked 
| 110|0x0000000086e00000, 0x0000000086e00000, 0x0000000086f00000|  0%| F|  |TAMS 0x0000000086e00000, 0x0000000086e00000| Untracked 
| 111|0x0000000086f00000, 0x0000000086f00000, 0x0000000087000000|  0%| F|  |TAMS 0x0000000086f00000, 0x0000000086f00000| Untracked 
| 112|0x0000000087000000, 0x0000000087000000, 0x0000000087100000|  0%| F|  |TAMS 0x0000000087000000, 0x0000000087000000| Untracked 
| 113|0x0000000087100000, 0x0000000087100000, 0x0000000087200000|  0%| F|  |TAMS 0x0000000087100000, 0x0000000087100000| Untracked 
| 114|0x0000000087200000, 0x0000000087200000, 0x0000000087300000|  0%| F|  |TAMS 0x0000000087200000, 0x0000000087200000| Untracked 
| 115|0x0000000087300000, 0x0000000087300000, 0x0000000087400000|  0%| F|  |TAMS 0x0000000087300000, 0x0000000087300000| Untracked 
| 116|0x0000000087400000, 0x0000000087400000, 0x0000000087500000|  0%| F|  |TAMS 0x0000000087400000, 0x0000000087400000| Untracked 
| 117|0x0000000087500000, 0x0000000087500000, 0x0000000087600000|  0%| F|  |TAMS 0x0000000087500000, 0x0000000087500000| Untracked 
| 118|0x0000000087600000, 0x0000000087600000, 0x0000000087700000|  0%| F|  |TAMS 0x0000000087600000, 0x0000000087600000| Untracked 
| 119|0x0000000087700000, 0x0000000087700000, 0x0000000087800000|  0%| F|  |TAMS 0x0000000087700000, 0x0000000087700000| Untracked 
| 120|0x0000000087800000, 0x0000000087800000, 0x0000000087900000|  0%| F|  |TAMS 0x0000000087800000, 0x0000000087800000| Untracked 
| 121|0x0000000087900000, 0x0000000087900000, 0x0000000087a00000|  0%| F|  |TAMS 0x0000000087900000, 0x0000000087900000| Untracked 
| 122|0x0000000087a00000, 0x0000000087b00000, 0x0000000087b00000|100%| O|  |TAMS 0x0000000087b00000, 0x0000000087a00000| Complete 
| 123|0x0000000087b00000, 0x0000000087c00000, 0x0000000087c00000|100%| O|  |TAMS 0x0000000087c00000, 0x0000000087b00000| Untracked 
| 124|0x0000000087c00000, 0x0000000087d00000, 0x0000000087d00000|100%| O|  |TAMS 0x0000000087d00000, 0x0000000087c00000| Complete 
| 125|0x0000000087d00000, 0x0000000087e00000, 0x0000000087e00000|100%| O|  |TAMS 0x0000000087e00000, 0x0000000087d00000| Untracked 
| 126|0x0000000087e00000, 0x0000000087f00000, 0x0000000087f00000|100%| O|  |TAMS 0x0000000087f00000, 0x0000000087e00000| Untracked 
| 127|0x0000000087f00000, 0x0000000087f00000, 0x0000000088000000|  0%| F|  |TAMS 0x0000000087f00000, 0x0000000087f00000| Untracked 
| 128|0x0000000088000000, 0x0000000088000000, 0x0000000088100000|  0%| F|  |TAMS 0x0000000088000000, 0x0000000088000000| Untracked 
| 129|0x0000000088100000, 0x0000000088200000, 0x0000000088200000|100%| O|  |TAMS 0x0000000088200000, 0x0000000088100000| Untracked 
| 130|0x0000000088200000, 0x0000000088300000, 0x0000000088300000|100%| O|  |TAMS 0x0000000088300000, 0x0000000088200000| Complete 
| 131|0x0000000088300000, 0x0000000088400000, 0x0000000088400000|100%| O|  |TAMS 0x0000000088400000, 0x0000000088300000| Complete 
| 132|0x0000000088400000, 0x0000000088400000, 0x0000000088500000|  0%| F|  |TAMS 0x0000000088400000, 0x0000000088400000| Untracked 
| 133|0x0000000088500000, 0x0000000088500000, 0x0000000088600000|  0%| F|  |TAMS 0x0000000088500000, 0x0000000088500000| Untracked 
| 134|0x0000000088600000, 0x0000000088600000, 0x0000000088700000|  0%| F|  |TAMS 0x0000000088600000, 0x0000000088600000| Untracked 
| 135|0x0000000088700000, 0x0000000088700000, 0x0000000088800000|  0%| F|  |TAMS 0x0000000088700000, 0x0000000088700000| Untracked 
| 136|0x0000000088800000, 0x0000000088800000, 0x0000000088900000|  0%| F|  |TAMS 0x0000000088800000, 0x0000000088800000| Untracked 
| 137|0x0000000088900000, 0x0000000088900000, 0x0000000088a00000|  0%| F|  |TAMS 0x0000000088900000, 0x0000000088900000| Untracked 
| 138|0x0000000088a00000, 0x0000000088a00000, 0x0000000088b00000|  0%| F|  |TAMS 0x0000000088a00000, 0x0000000088a00000| Untracked 
| 139|0x0000000088b00000, 0x0000000088b00000, 0x0000000088c00000|  0%| F|  |TAMS 0x0000000088b00000, 0x0000000088b00000| Untracked 
| 140|0x0000000088c00000, 0x0000000088c00000, 0x0000000088d00000|  0%| F|  |TAMS 0x0000000088c00000, 0x0000000088c00000| Untracked 
| 141|0x0000000088d00000, 0x0000000088d00000, 0x0000000088e00000|  0%| F|  |TAMS 0x0000000088d00000, 0x0000000088d00000| Untracked 
| 142|0x0000000088e00000, 0x0000000088e00000, 0x0000000088f00000|  0%| F|  |TAMS 0x0000000088e00000, 0x0000000088e00000| Untracked 
| 143|0x0000000088f00000, 0x0000000088f00000, 0x0000000089000000|  0%| F|  |TAMS 0x0000000088f00000, 0x0000000088f00000| Untracked 
| 144|0x0000000089000000, 0x0000000089000000, 0x0000000089100000|  0%| F|  |TAMS 0x0000000089000000, 0x0000000089000000| Untracked 
| 145|0x0000000089100000, 0x0000000089100000, 0x0000000089200000|  0%| F|  |TAMS 0x0000000089100000, 0x0000000089100000| Untracked 
| 146|0x0000000089200000, 0x0000000089200000, 0x0000000089300000|  0%| F|  |TAMS 0x0000000089200000, 0x0000000089200000| Untracked 
| 147|0x0000000089300000, 0x0000000089300000, 0x0000000089400000|  0%| F|  |TAMS 0x0000000089300000, 0x0000000089300000| Untracked 
| 148|0x0000000089400000, 0x0000000089400000, 0x0000000089500000|  0%| F|  |TAMS 0x0000000089400000, 0x0000000089400000| Untracked 
| 149|0x0000000089500000, 0x0000000089500000, 0x0000000089600000|  0%| F|  |TAMS 0x0000000089500000, 0x0000000089500000| Untracked 
| 150|0x0000000089600000, 0x0000000089600000, 0x0000000089700000|  0%| F|  |TAMS 0x0000000089600000, 0x0000000089600000| Untracked 
| 151|0x0000000089700000, 0x0000000089700000, 0x0000000089800000|  0%| F|  |TAMS 0x0000000089700000, 0x0000000089700000| Untracked 
| 152|0x0000000089800000, 0x0000000089800000, 0x0000000089900000|  0%| F|  |TAMS 0x0000000089800000, 0x0000000089800000| Untracked 
| 153|0x0000000089900000, 0x0000000089900000, 0x0000000089a00000|  0%| F|  |TAMS 0x0000000089900000, 0x0000000089900000| Untracked 
| 154|0x0000000089a00000, 0x0000000089a00000, 0x0000000089b00000|  0%| F|  |TAMS 0x0000000089a00000, 0x0000000089a00000| Untracked 
| 155|0x0000000089b00000, 0x0000000089b00000, 0x0000000089c00000|  0%| F|  |TAMS 0x0000000089b00000, 0x0000000089b00000| Untracked 
| 156|0x0000000089c00000, 0x0000000089c00000, 0x0000000089d00000|  0%| F|  |TAMS 0x0000000089c00000, 0x0000000089c00000| Untracked 
| 157|0x0000000089d00000, 0x0000000089d00000, 0x0000000089e00000|  0%| F|  |TAMS 0x0000000089d00000, 0x0000000089d00000| Untracked 
| 158|0x0000000089e00000, 0x0000000089e00000, 0x0000000089f00000|  0%| F|  |TAMS 0x0000000089e00000, 0x0000000089e00000| Untracked 
| 159|0x0000000089f00000, 0x0000000089f00000, 0x000000008a000000|  0%| F|  |TAMS 0x0000000089f00000, 0x0000000089f00000| Untracked 
| 160|0x000000008a000000, 0x000000008a000000, 0x000000008a100000|  0%| F|  |TAMS 0x000000008a000000, 0x000000008a000000| Untracked 
| 161|0x000000008a100000, 0x000000008a100000, 0x000000008a200000|  0%| F|  |TAMS 0x000000008a100000, 0x000000008a100000| Untracked 
| 162|0x000000008a200000, 0x000000008a200000, 0x000000008a300000|  0%| F|  |TAMS 0x000000008a200000, 0x000000008a200000| Untracked 
| 163|0x000000008a300000, 0x000000008a300000, 0x000000008a400000|  0%| F|  |TAMS 0x000000008a300000, 0x000000008a300000| Untracked 
| 164|0x000000008a400000, 0x000000008a400000, 0x000000008a500000|  0%| F|  |TAMS 0x000000008a400000, 0x000000008a400000| Untracked 
| 165|0x000000008a500000, 0x000000008a500000, 0x000000008a600000|  0%| F|  |TAMS 0x000000008a500000, 0x000000008a500000| Untracked 
| 166|0x000000008a600000, 0x000000008a600000, 0x000000008a700000|  0%| F|  |TAMS 0x000000008a600000, 0x000000008a600000| Untracked 
| 167|0x000000008a700000, 0x000000008a700000, 0x000000008a800000|  0%| F|  |TAMS 0x000000008a700000, 0x000000008a700000| Untracked 
| 168|0x000000008a800000, 0x000000008a800000, 0x000000008a900000|  0%| F|  |TAMS 0x000000008a800000, 0x000000008a800000| Untracked 
| 169|0x000000008a900000, 0x000000008a900000, 0x000000008aa00000|  0%| F|  |TAMS 0x000000008a900000, 0x000000008a900000| Untracked 
| 170|0x000000008aa00000, 0x000000008aa00000, 0x000000008ab00000|  0%| F|  |TAMS 0x000000008aa00000, 0x000000008aa00000| Untracked 
| 171|0x000000008ab00000, 0x000000008ab00000, 0x000000008ac00000|  0%| F|  |TAMS 0x000000008ab00000, 0x000000008ab00000| Untracked 
| 172|0x000000008ac00000, 0x000000008ac00000, 0x000000008ad00000|  0%| F|  |TAMS 0x000000008ac00000, 0x000000008ac00000| Untracked 
| 173|0x000000008ad00000, 0x000000008ad00000, 0x000000008ae00000|  0%| F|  |TAMS 0x000000008ad00000, 0x000000008ad00000| Untracked 
| 174|0x000000008ae00000, 0x000000008ae00000, 0x000000008af00000|  0%| F|  |TAMS 0x000000008ae00000, 0x000000008ae00000| Untracked 
| 175|0x000000008af00000, 0x000000008af00000, 0x000000008b000000|  0%| F|  |TAMS 0x000000008af00000, 0x000000008af00000| Untracked 
| 176|0x000000008b000000, 0x000000008b000000, 0x000000008b100000|  0%| F|  |TAMS 0x000000008b000000, 0x000000008b000000| Untracked 
| 177|0x000000008b100000, 0x000000008b100000, 0x000000008b200000|  0%| F|  |TAMS 0x000000008b100000, 0x000000008b100000| Untracked 
| 178|0x000000008b200000, 0x000000008b200000, 0x000000008b300000|  0%| F|  |TAMS 0x000000008b200000, 0x000000008b200000| Untracked 
| 179|0x000000008b300000, 0x000000008b300000, 0x000000008b400000|  0%| F|  |TAMS 0x000000008b300000, 0x000000008b300000| Untracked 
| 180|0x000000008b400000, 0x000000008b400000, 0x000000008b500000|  0%| F|  |TAMS 0x000000008b400000, 0x000000008b400000| Untracked 
| 181|0x000000008b500000, 0x000000008b500000, 0x000000008b600000|  0%| F|  |TAMS 0x000000008b500000, 0x000000008b500000| Untracked 
| 182|0x000000008b600000, 0x000000008b600000, 0x000000008b700000|  0%| F|  |TAMS 0x000000008b600000, 0x000000008b600000| Untracked 
| 183|0x000000008b700000, 0x000000008b700000, 0x000000008b800000|  0%| F|  |TAMS 0x000000008b700000, 0x000000008b700000| Untracked 
| 184|0x000000008b800000, 0x000000008b800000, 0x000000008b900000|  0%| F|  |TAMS 0x000000008b800000, 0x000000008b800000| Untracked 
| 185|0x000000008b900000, 0x000000008b900000, 0x000000008ba00000|  0%| F|  |TAMS 0x000000008b900000, 0x000000008b900000| Untracked 
| 186|0x000000008ba00000, 0x000000008ba00000, 0x000000008bb00000|  0%| F|  |TAMS 0x000000008ba00000, 0x000000008ba00000| Untracked 
| 187|0x000000008bb00000, 0x000000008bb00000, 0x000000008bc00000|  0%| F|  |TAMS 0x000000008bb00000, 0x000000008bb00000| Untracked 
| 188|0x000000008bc00000, 0x000000008bc00000, 0x000000008bd00000|  0%| F|  |TAMS 0x000000008bc00000, 0x000000008bc00000| Untracked 
| 189|0x000000008bd00000, 0x000000008bd00000, 0x000000008be00000|  0%| F|  |TAMS 0x000000008bd00000, 0x000000008bd00000| Untracked 
| 190|0x000000008be00000, 0x000000008be00000, 0x000000008bf00000|  0%| F|  |TAMS 0x000000008be00000, 0x000000008be00000| Untracked 
| 191|0x000000008bf00000, 0x000000008bf00000, 0x000000008c000000|  0%| F|  |TAMS 0x000000008bf00000, 0x000000008bf00000| Untracked 
| 192|0x000000008c000000, 0x000000008c000000, 0x000000008c100000|  0%| F|  |TAMS 0x000000008c000000, 0x000000008c000000| Untracked 
| 193|0x000000008c100000, 0x000000008c100000, 0x000000008c200000|  0%| F|  |TAMS 0x000000008c100000, 0x000000008c100000| Untracked 
| 194|0x000000008c200000, 0x000000008c200000, 0x000000008c300000|  0%| F|  |TAMS 0x000000008c200000, 0x000000008c200000| Untracked 
| 195|0x000000008c300000, 0x000000008c300000, 0x000000008c400000|  0%| F|  |TAMS 0x000000008c300000, 0x000000008c300000| Untracked 
| 196|0x000000008c400000, 0x000000008c400000, 0x000000008c500000|  0%| F|  |TAMS 0x000000008c400000, 0x000000008c400000| Untracked 
| 197|0x000000008c500000, 0x000000008c500000, 0x000000008c600000|  0%| F|  |TAMS 0x000000008c500000, 0x000000008c500000| Untracked 
| 198|0x000000008c600000, 0x000000008c600000, 0x000000008c700000|  0%| F|  |TAMS 0x000000008c600000, 0x000000008c600000| Untracked 
| 199|0x000000008c700000, 0x000000008c700000, 0x000000008c800000|  0%| F|  |TAMS 0x000000008c700000, 0x000000008c700000| Untracked 
| 200|0x000000008c800000, 0x000000008c800000, 0x000000008c900000|  0%| F|  |TAMS 0x000000008c800000, 0x000000008c800000| Untracked 
| 201|0x000000008c900000, 0x000000008c900000, 0x000000008ca00000|  0%| F|  |TAMS 0x000000008c900000, 0x000000008c900000| Untracked 
| 202|0x000000008ca00000, 0x000000008ca00000, 0x000000008cb00000|  0%| F|  |TAMS 0x000000008ca00000, 0x000000008ca00000| Untracked 
| 203|0x000000008cb00000, 0x000000008cb00000, 0x000000008cc00000|  0%| F|  |TAMS 0x000000008cb00000, 0x000000008cb00000| Untracked 
| 204|0x000000008cc00000, 0x000000008cc00000, 0x000000008cd00000|  0%| F|  |TAMS 0x000000008cc00000, 0x000000008cc00000| Untracked 
| 205|0x000000008cd00000, 0x000000008cd00000, 0x000000008ce00000|  0%| F|  |TAMS 0x000000008cd00000, 0x000000008cd00000| Untracked 
| 206|0x000000008ce00000, 0x000000008ce00000, 0x000000008cf00000|  0%| F|  |TAMS 0x000000008ce00000, 0x000000008ce00000| Untracked 
| 207|0x000000008cf00000, 0x000000008cfd9868, 0x000000008d000000| 84%| S|CS|TAMS 0x000000008cf00000, 0x000000008cf00000| Complete 
| 208|0x000000008d000000, 0x000000008d000000, 0x000000008d100000|  0%| F|  |TAMS 0x000000008d000000, 0x000000008d000000| Untracked 
| 209|0x000000008d100000, 0x000000008d100000, 0x000000008d200000|  0%| F|  |TAMS 0x000000008d100000, 0x000000008d100000| Untracked 
| 210|0x000000008d200000, 0x000000008d200000, 0x000000008d300000|  0%| F|  |TAMS 0x000000008d200000, 0x000000008d200000| Untracked 
| 211|0x000000008d300000, 0x000000008d300000, 0x000000008d400000|  0%| F|  |TAMS 0x000000008d300000, 0x000000008d300000| Untracked 
| 212|0x000000008d400000, 0x000000008d400000, 0x000000008d500000|  0%| F|  |TAMS 0x000000008d400000, 0x000000008d400000| Untracked 

Card table byte_map: [0x0000025cb2cd0000,0x0000025cb30d0000] _byte_map_base: 0x0000025cb28d0000

Marking Bits (Prev, Next): (CMBitMap*) 0x0000025c9fab2910, (CMBitMap*) 0x0000025c9fab28d8
 Prev Bits: [0x0000025cb54d0000, 0x0000025cb74d0000)
 Next Bits: [0x0000025cb34d0000, 0x0000025cb54d0000)

Polling page: 0x0000025c9f250000

Metaspace:

Usage:
  Non-class:    112.11 MB capacity,   109.41 MB ( 98%) used,     2.18 MB (  2%) free+waste,   522.31 KB ( <1%) overhead. 
      Class:     17.80 MB capacity,    16.10 MB ( 90%) used,     1.46 MB (  8%) free+waste,   239.94 KB (  1%) overhead. 
       Both:    129.91 MB capacity,   125.51 MB ( 97%) used,     3.65 MB (  3%) free+waste,   762.25 KB ( <1%) overhead. 

Virtual space:
  Non-class space:      114.00 MB reserved,     112.17 MB ( 98%) committed 
      Class space:        1.00 GB reserved,      17.86 MB (  2%) committed 
             Both:        1.11 GB reserved,     130.03 MB ( 11%) committed 

Chunk freelists:
   Non-Class:  4.00 KB
       Class:  12.00 KB
        Both:  16.00 KB

MaxMetaspaceSize: 17179869184.00 GB
CompressedClassSpaceSize: 1.00 GB
Initial GC threshold: 20.80 MB
Current GC threshold: 214.84 MB
CDS: off

CodeHeap 'non-profiled nmethods': size=120000Kb used=11994Kb max_used=12358Kb free=108005Kb
 bounds [0x0000025cab070000, 0x0000025cabca0000, 0x0000025cb25a0000]
CodeHeap 'profiled nmethods': size=120000Kb used=40221Kb max_used=40358Kb free=79778Kb
 bounds [0x0000025ca3b40000, 0x0000025ca62b0000, 0x0000025cab070000]
CodeHeap 'non-nmethods': size=5760Kb used=2465Kb max_used=2530Kb free=3294Kb
 bounds [0x0000025ca35a0000, 0x0000025ca3820000, 0x0000025ca3b40000]
 total_blobs=19805 nmethods=18812 adapters=904
 compilation: enabled
              stopped_count=0, restarted_count=0
 full_count=0

Compilation events (20 events):
Event: 744.616 Thread 0x0000025cb9f48000 nmethod 20128 0x0000025cab0f4c90 code [0x0000025cab0f4e40, 0x0000025cab0f4ef8]
Event: 744.621 Thread 0x0000025cb9f48000 20138       2       java.util.regex.Pattern$LastNode::match (45 bytes)
Event: 744.622 Thread 0x0000025cb9f48000 nmethod 20138 0x0000025ca3be2810 code [0x0000025ca3be29c0, 0x0000025ca3be2b58]
Event: 744.622 Thread 0x0000025cb9f48000 20139       1       java.lang.invoke.MethodHandle::isVarargsCollector (2 bytes)
Event: 744.622 Thread 0x0000025cb9f48000 nmethod 20139 0x0000025cab0f4990 code [0x0000025cab0f4b40, 0x0000025cab0f4bf8]
Event: 744.622 Thread 0x0000025cb9f48000 20140       2       java.lang.invoke.MethodHandles::filterArgumentsCheckArity (27 bytes)
Event: 744.622 Thread 0x0000025cb9f48000 nmethod 20140 0x0000025ca3be2310 code [0x0000025ca3be24e0, 0x0000025ca3be2688]
Event: 744.623 Thread 0x0000025cb9f48000 20141       2       java.lang.invoke.MethodHandle::viewAsType (38 bytes)
Event: 744.624 Thread 0x0000025cb9f48000 nmethod 20141 0x0000025ca3be1f10 code [0x0000025ca3be20e0, 0x0000025ca3be2238]
Event: 744.624 Thread 0x0000025cc6a81000 nmethod 20017 0x0000025cab24e210 code [0x0000025cab24e5c0, 0x0000025cab250288]
Event: 744.624 Thread 0x0000025cc6a81000 20108   !   4       java.io.BufferedReader::readLine (304 bytes)
Event: 744.629 Thread 0x0000025cb9f48000 20142       3       java.io.FilterInputStream::available (8 bytes)
Event: 744.629 Thread 0x0000025cb9f48000 nmethod 20142 0x0000025ca3be1a90 code [0x0000025ca3be1c40, 0x0000025ca3be1e08]
Event: 744.629 Thread 0x0000025cb9f48000 20143       3       java.util.concurrent.ConcurrentHashMap::getOrDefault (16 bytes)
Event: 744.629 Thread 0x0000025cb9f48000 nmethod 20143 0x0000025ca3be1690 code [0x0000025ca3be1840, 0x0000025ca3be19e8]
Event: 744.629 Thread 0x0000025cb9f48000 20144       3       java.lang.Class::getDeclaredPublicMethods (95 bytes)
Event: 744.632 Thread 0x0000025cb9f48000 nmethod 20144 0x0000025ca3bdf810 code [0x0000025ca3bdfb40, 0x0000025ca3be0e88]
Event: 744.652 Thread 0x0000025cb9f48000 20145       3       com.android.build.gradle.internal.dependency.AarTransform$Parameters_Decorated::getProjectName (34 bytes)
Event: 744.663 Thread 0x0000025cb9f48000 nmethod 20145 0x0000025ca3bdeb90 code [0x0000025ca3bdedc0, 0x0000025ca3bdf5d8]
Event: 744.663 Thread 0x0000025cb9f48000 20146       3       com.android.build.gradle.internal.dependency.AarTransform$Parameters_Decorated::getSharedLibSupport (34 bytes)

GC Heap History (20 events):
Event: 742.748 GC heap after
{Heap after GC invocations=52 (full 0):
 garbage-first heap   total 181248K, used 130906K [0x0000000080000000, 0x0000000100000000)
  region size 1024K, 3 young (3072K), 3 survivors (3072K)
 Metaspace       used 121727K, capacity 125924K, committed 126236K, reserved 1159168K
  class space    used 15808K, capacity 17433K, committed 17516K, reserved 1048576K
}
Event: 743.003 GC heap before
{Heap before GC invocations=52 (full 0):
 garbage-first heap   total 181248K, used 164698K [0x0000000080000000, 0x0000000100000000)
  region size 1024K, 19 young (19456K), 3 survivors (3072K)
 Metaspace       used 122076K, capacity 126319K, committed 126492K, reserved 1159168K
  class space    used 15833K, capacity 17446K, committed 17516K, reserved 1048576K
}
Event: 743.012 GC heap after
{Heap after GC invocations=53 (full 0):
 garbage-first heap   total 181248K, used 133130K [0x0000000080000000, 0x0000000100000000)
  region size 1024K, 3 young (3072K), 3 survivors (3072K)
 Metaspace       used 122076K, capacity 126319K, committed 126492K, reserved 1159168K
  class space    used 15833K, capacity 17446K, committed 17516K, reserved 1048576K
}
Event: 743.113 GC heap before
{Heap before GC invocations=54 (full 0):
 garbage-first heap   total 181248K, used 148490K [0x0000000080000000, 0x0000000100000000)
  region size 1024K, 18 young (18432K), 3 survivors (3072K)
 Metaspace       used 122404K, capacity 126713K, committed 126876K, reserved 1159168K
  class space    used 15868K, capacity 17550K, committed 17644K, reserved 1048576K
}
Event: 743.118 GC heap after
{Heap after GC invocations=55 (full 0):
 garbage-first heap   total 181248K, used 136005K [0x0000000080000000, 0x0000000100000000)
  region size 1024K, 3 young (3072K), 3 survivors (3072K)
 Metaspace       used 122404K, capacity 126713K, committed 126876K, reserved 1159168K
  class space    used 15868K, capacity 17550K, committed 17644K, reserved 1048576K
}
Event: 743.227 GC heap before
{Heap before GC invocations=55 (full 0):
 garbage-first heap   total 181248K, used 140101K [0x0000000080000000, 0x0000000100000000)
  region size 1024K, 8 young (8192K), 3 survivors (3072K)
 Metaspace       used 123137K, capacity 127422K, committed 127644K, reserved 1159168K
  class space    used 15942K, capacity 17627K, committed 17644K, reserved 1048576K
}
Event: 743.232 GC heap after
{Heap after GC invocations=56 (full 0):
 garbage-first heap   total 181248K, used 135649K [0x0000000080000000, 0x0000000100000000)
  region size 1024K, 1 young (1024K), 1 survivors (1024K)
 Metaspace       used 123137K, capacity 127422K, committed 127644K, reserved 1159168K
  class space    used 15942K, capacity 17627K, committed 17644K, reserved 1048576K
}
Event: 743.434 GC heap before
{Heap before GC invocations=56 (full 0):
 garbage-first heap   total 181248K, used 149985K [0x0000000080000000, 0x0000000100000000)
  region size 1024K, 16 young (16384K), 1 survivors (1024K)
 Metaspace       used 125253K, capacity 129648K, committed 129692K, reserved 1161216K
  class space    used 16150K, capacity 17857K, committed 17900K, reserved 1048576K
}
Event: 743.439 GC heap after
{Heap after GC invocations=57 (full 0):
 garbage-first heap   total 181248K, used 136766K [0x0000000080000000, 0x0000000100000000)
  region size 1024K, 2 young (2048K), 2 survivors (2048K)
 Metaspace       used 125253K, capacity 129648K, committed 129692K, reserved 1161216K
  class space    used 16150K, capacity 17857K, committed 17900K, reserved 1048576K
}
Event: 743.765 GC heap before
{Heap before GC invocations=58 (full 0):
 garbage-first heap   total 181248K, used 139838K [0x0000000080000000, 0x0000000100000000)
  region size 1024K, 17 young (17408K), 2 survivors (2048K)
 Metaspace       used 125684K, capacity 130011K, committed 130332K, reserved 1161216K
  class space    used 16182K, capacity 17874K, committed 18028K, reserved 1048576K
}
Event: 743.770 GC heap after
{Heap after GC invocations=59 (full 0):
 garbage-first heap   total 181248K, used 127082K [0x0000000080000000, 0x0000000100000000)
  region size 1024K, 3 young (3072K), 3 survivors (3072K)
 Metaspace       used 125684K, capacity 130011K, committed 130332K, reserved 1161216K
  class space    used 16182K, capacity 17874K, committed 18028K, reserved 1048576K
}
Event: 743.810 GC heap before
{Heap before GC invocations=59 (full 0):
 garbage-first heap   total 181248K, used 132202K [0x0000000080000000, 0x0000000100000000)
  region size 1024K, 8 young (8192K), 3 survivors (3072K)
 Metaspace       used 125770K, capacity 130093K, committed 130332K, reserved 1161216K
  class space    used 16188K, capacity 17880K, committed 18028K, reserved 1048576K
}
Event: 743.818 GC heap after
{Heap after GC invocations=60 (full 0):
 garbage-first heap   total 218112K, used 109950K [0x0000000080000000, 0x0000000100000000)
  region size 1024K, 1 young (1024K), 1 survivors (1024K)
 Metaspace       used 125770K, capacity 130093K, committed 130332K, reserved 1161216K
  class space    used 16188K, capacity 17880K, committed 18028K, reserved 1048576K
}
Event: 743.896 GC heap before
{Heap before GC invocations=60 (full 0):
 garbage-first heap   total 218112K, used 119166K [0x0000000080000000, 0x0000000100000000)
  region size 1024K, 10 young (10240K), 1 survivors (1024K)
 Metaspace       used 125965K, capacity 130322K, committed 130588K, reserved 1161216K
  class space    used 16203K, capacity 17912K, committed 18028K, reserved 1048576K
}
Event: 743.905 GC heap after
{Heap after GC invocations=61 (full 0):
 garbage-first heap   total 218112K, used 109460K [0x0000000080000000, 0x0000000100000000)
  region size 1024K, 2 young (2048K), 2 survivors (2048K)
 Metaspace       used 125965K, capacity 130322K, committed 130588K, reserved 1161216K
  class space    used 16203K, capacity 17912K, committed 18028K, reserved 1048576K
}
Event: 744.176 GC heap before
{Heap before GC invocations=61 (full 0):
 garbage-first heap   total 218112K, used 153492K [0x0000000080000000, 0x0000000100000000)
  region size 1024K, 46 young (47104K), 2 survivors (2048K)
 Metaspace       used 126547K, capacity 130950K, committed 131100K, reserved 1163264K
  class space    used 16267K, capacity 17969K, committed 18028K, reserved 1048576K
}
Event: 744.182 GC heap after
{Heap after GC invocations=62 (full 0):
 garbage-first heap   total 218112K, used 111683K [0x0000000080000000, 0x0000000100000000)
  region size 1024K, 4 young (4096K), 4 survivors (4096K)
 Metaspace       used 126547K, capacity 130950K, committed 131100K, reserved 1163264K
  class space    used 16267K, capacity 17969K, committed 18028K, reserved 1048576K
}
Event: 744.590 GC heap before
{Heap before GC invocations=63 (full 0):
 garbage-first heap   total 218112K, used 158787K [0x0000000080000000, 0x0000000100000000)
  region size 1024K, 51 young (52224K), 4 survivors (4096K)
 Metaspace       used 128214K, capacity 132610K, committed 132764K, reserved 1163264K
  class space    used 16439K, capacity 18154K, committed 18156K, reserved 1048576K
}
Event: 744.596 GC heap after
{Heap after GC invocations=64 (full 0):
 garbage-first heap   total 218112K, used 112238K [0x0000000080000000, 0x0000000100000000)
  region size 1024K, 5 young (5120K), 5 survivors (5120K)
 Metaspace       used 128214K, capacity 132610K, committed 132764K, reserved 1163264K
  class space    used 16439K, capacity 18154K, committed 18156K, reserved 1048576K
}
Event: 744.664 GC heap before
{Heap before GC invocations=64 (full 0):
 garbage-first heap   total 218112K, used 117358K [0x0000000080000000, 0x0000000100000000)
  region size 1024K, 10 young (10240K), 5 survivors (5120K)
 Metaspace       used 128526K, capacity 133024K, committed 133148K, reserved 1165312K
  class space    used 16489K, capacity 18228K, committed 18284K, reserved 1048576K
}

Deoptimization events (20 events):
Event: 744.358 Thread 0x0000025cc6aff000 Uncommon trap: trap_request=0xffffff4d fr.pc=0x0000025cabc6b5ac relative=0x0000000000000c6c
Event: 744.358 Thread 0x0000025cc6aff000 Uncommon trap: reason=unstable_if action=reinterpret pc=0x0000025cabc6b5ac method=org.gradle.internal.snapshot.PathUtil.compareDifferentCharsIgnoringCase(CC)I @ 12 c2
Event: 744.358 Thread 0x0000025cc6aff000 DEOPT PACKING pc=0x0000025cabc6b5ac sp=0x0000007cc75fc500
Event: 744.358 Thread 0x0000025cc6aff000 DEOPT UNPACKING pc=0x0000025ca35a85af sp=0x0000007cc75fc3a0 mode 2
Event: 744.382 Thread 0x0000025cc6b04000 Uncommon trap: trap_request=0xffffff4d fr.pc=0x0000025cab93e444 relative=0x0000000000000c24
Event: 744.382 Thread 0x0000025cc6b04000 Uncommon trap: reason=unstable_if action=reinterpret pc=0x0000025cab93e444 method=org.gradle.internal.resources.DefaultResourceLockCoordinationService$DefaultResourceLockState.releaseLocks()V @ 28 c2
Event: 744.384 Thread 0x0000025cc6b04000 DEOPT PACKING pc=0x0000025cab93e444 sp=0x0000007cc74fadc0
Event: 744.385 Thread 0x0000025cc6b04000 DEOPT UNPACKING pc=0x0000025ca35a85af sp=0x0000007cc74fad80 mode 2
Event: 744.506 Thread 0x0000025cc075e800 Uncommon trap: trap_request=0xffffff4d fr.pc=0x0000025cab104504 relative=0x0000000000000de4
Event: 744.506 Thread 0x0000025cc075e800 Uncommon trap: reason=unstable_if action=reinterpret pc=0x0000025cab104504 method=java.io.BufferedReader.readLine(Z)Ljava/lang/String; @ 192 c2
Event: 744.507 Thread 0x0000025cc075e800 DEOPT PACKING pc=0x0000025cab104504 sp=0x0000007cc84fd590
Event: 744.507 Thread 0x0000025cc075e800 DEOPT UNPACKING pc=0x0000025ca35a85af sp=0x0000007cc84fd548 mode 2
Event: 744.517 Thread 0x0000025cc6b0d000 DEOPT PACKING pc=0x0000025ca470297c sp=0x0000007cc7dfd770
Event: 744.518 Thread 0x0000025cc6b0d000 DEOPT UNPACKING pc=0x0000025ca35e9d0e sp=0x0000007cc7dfcd10 mode 0
Event: 744.528 Thread 0x0000025cc6b08000 DEOPT PACKING pc=0x0000025ca602f772 sp=0x0000007cc7efd4c0
Event: 744.528 Thread 0x0000025cc6b08000 DEOPT UNPACKING pc=0x0000025ca35e9d0e sp=0x0000007cc7efc9f0 mode 0
Event: 744.621 Thread 0x0000025cc6b0d000 Uncommon trap: trap_request=0xffffff4d fr.pc=0x0000025cab480fa4 relative=0x0000000000000084
Event: 744.621 Thread 0x0000025cc6b0d000 Uncommon trap: reason=unstable_if action=reinterpret pc=0x0000025cab480fa4 method=java.util.regex.Pattern$LastNode.match(Ljava/util/regex/Matcher;ILjava/lang/CharSequence;)Z @ 13 c2
Event: 744.621 Thread 0x0000025cc6b0d000 DEOPT PACKING pc=0x0000025cab480fa4 sp=0x0000007cc7dfdcb0
Event: 744.621 Thread 0x0000025cc6b0d000 DEOPT UNPACKING pc=0x0000025ca35a85af sp=0x0000007cc7dfdc28 mode 2

Classes redefined (0 events):
No events

Internal exceptions (20 events):
Event: 743.234 Thread 0x0000025cc6b05800 Exception <a 'sun/nio/fs/WindowsException'{0x000000008b001868}> (0x000000008b001868) thrown at [src/hotspot/share/prims/jni.cpp, line 617]
Event: 743.238 Thread 0x0000025cc6b05800 Exception <a 'sun/nio/fs/WindowsException'{0x000000008b002b28}> (0x000000008b002b28) thrown at [src/hotspot/share/prims/jni.cpp, line 617]
Event: 743.242 Thread 0x0000025cc6b05800 Exception <a 'sun/nio/fs/WindowsException'{0x000000008b003dd0}> (0x000000008b003dd0) thrown at [src/hotspot/share/prims/jni.cpp, line 617]
Event: 743.294 Thread 0x0000025cc6b05800 Exception <a 'sun/nio/fs/WindowsException'{0x000000008ad23608}> (0x000000008ad23608) thrown at [src/hotspot/share/prims/jni.cpp, line 617]
Event: 743.294 Thread 0x0000025cc6b05800 Exception <a 'sun/nio/fs/WindowsException'{0x000000008ad244a0}> (0x000000008ad244a0) thrown at [src/hotspot/share/prims/jni.cpp, line 617]
Event: 743.346 Thread 0x0000025cc6b04000 Exception <a 'sun/nio/fs/WindowsException'{0x000000008a98b9a0}> (0x000000008a98b9a0) thrown at [src/hotspot/share/prims/jni.cpp, line 617]
Event: 743.346 Thread 0x0000025cc6b04000 Exception <a 'sun/nio/fs/WindowsException'{0x000000008a98cd18}> (0x000000008a98cd18) thrown at [src/hotspot/share/prims/jni.cpp, line 617]
Event: 743.389 Thread 0x0000025cc6b04000 Exception <a 'sun/nio/fs/WindowsException'{0x000000008a5c8e28}> (0x000000008a5c8e28) thrown at [src/hotspot/share/prims/jni.cpp, line 617]
Event: 743.389 Thread 0x0000025cc6b04000 Exception <a 'sun/nio/fs/WindowsException'{0x000000008a5ce628}> (0x000000008a5ce628) thrown at [src/hotspot/share/prims/jni.cpp, line 617]
Event: 743.389 Thread 0x0000025cc6b04000 Exception <a 'sun/nio/fs/WindowsException'{0x000000008a5dbcc0}> (0x000000008a5dbcc0) thrown at [src/hotspot/share/prims/jni.cpp, line 617]
Event: 743.390 Thread 0x0000025cc6b04000 Exception <a 'sun/nio/fs/WindowsException'{0x000000008a5dce00}> (0x000000008a5dce00) thrown at [src/hotspot/share/prims/jni.cpp, line 617]
Event: 743.390 Thread 0x0000025cc6b04000 Exception <a 'sun/nio/fs/WindowsException'{0x000000008a5dd320}> (0x000000008a5dd320) thrown at [src/hotspot/share/prims/jni.cpp, line 617]
Event: 743.390 Thread 0x0000025cc6b04000 Exception <a 'sun/nio/fs/WindowsException'{0x000000008a5e5638}> (0x000000008a5e5638) thrown at [src/hotspot/share/prims/jni.cpp, line 617]
Event: 743.500 Thread 0x0000025cc6b04000 Implicit null exception at 0x0000025cabb1e680 to 0x0000025cabb1e7e8
Event: 743.502 Thread 0x0000025cc6b04000 Implicit null exception at 0x0000025cabb5785e to 0x0000025cabb579ac
Event: 744.137 Thread 0x0000025cc6aff000 Exception <a 'java/lang/NoSuchMethodError'{0x000000008b1d1a10}: <clinit>> (0x000000008b1d1a10) thrown at [src/hotspot/share/prims/jni.cpp, line 1367]
Event: 744.506 Thread 0x0000025cc6aff000 Exception <a 'sun/nio/fs/WindowsException'{0x000000008ad046a8}> (0x000000008ad046a8) thrown at [src/hotspot/share/prims/jni.cpp, line 617]
Event: 744.506 Thread 0x0000025cc6aff000 Exception <a 'sun/nio/fs/WindowsException'{0x000000008ad05530}> (0x000000008ad05530) thrown at [src/hotspot/share/prims/jni.cpp, line 617]
Event: 744.524 Thread 0x0000025cc6b0d000 Exception <a 'sun/nio/fs/WindowsException'{0x000000008abc48e0}> (0x000000008abc48e0) thrown at [src/hotspot/share/prims/jni.cpp, line 617]
Event: 744.525 Thread 0x0000025cc6b0d000 Exception <a 'sun/nio/fs/WindowsException'{0x000000008abc4bd8}> (0x000000008abc4bd8) thrown at [src/hotspot/share/prims/jni.cpp, line 617]

Events (20 events):
Event: 744.652 loading class com/android/builder/merge/IncrementalFileMergerInput done
Event: 744.652 loading class com/google/common/collect/ImmutableList$Builder
Event: 744.652 loading class com/google/common/collect/ImmutableList$Builder done
Event: 744.654 Executing VM operation: Deoptimize
Event: 744.657 Executing VM operation: Deoptimize done
Event: 744.657 Executing VM operation: Deoptimize
Event: 744.659 Executing VM operation: Deoptimize done
Event: 744.659 loading class org/apache/xerces/dom/DeferredCommentImpl
Event: 744.659 loading class org/apache/xerces/dom/DeferredCommentImpl done
Event: 744.660 loading class com/android/builder/merge/IncrementalFileMergerInput
Event: 744.660 loading class com/android/builder/merge/IncrementalFileMergerInput done
Event: 744.660 Executing VM operation: Deoptimize
Event: 744.662 Executing VM operation: Deoptimize done
Event: 744.662 loading class org/apache/xerces/dom/DeferredDocumentTypeImpl
Event: 744.662 loading class org/apache/xerces/dom/DeferredDocumentTypeImpl done
Event: 744.663 loading class org/apache/xerces/dom/DocumentTypeImpl
Event: 744.663 loading class org/apache/xerces/dom/DocumentTypeImpl done
Event: 744.663 loading class com/google/common/io/Closer
Event: 744.663 loading class com/google/common/io/Closer done
Event: 744.663 Executing VM operation: G1CollectForAllocation


Dynamic libraries:
0x00007ff7bd230000 - 0x00007ff7bd23a000 	C:\Program Files\Android\Android Studio\jbr\bin\java.exe
0x00007ff8d6b30000 - 0x00007ff8d6d28000 	C:\Windows\SYSTEM32\ntdll.dll
0x00007ff8d4f40000 - 0x00007ff8d4fff000 	C:\Windows\System32\KERNEL32.DLL
0x00007ff8d4660000 - 0x00007ff8d4932000 	C:\Windows\System32\KERNELBASE.dll
0x00007ff8d44e0000 - 0x00007ff8d45e0000 	C:\Windows\System32\ucrtbase.dll
0x00007ff85c550000 - 0x00007ff85c567000 	C:\Program Files\Android\Android Studio\jbr\bin\jli.dll
0x00007ff85c530000 - 0x00007ff85c54b000 	C:\Program Files\Android\Android Studio\jbr\bin\VCRUNTIME140.dll
0x00007ff8d5750000 - 0x00007ff8d58f1000 	C:\Windows\System32\USER32.dll
0x00007ff8d45e0000 - 0x00007ff8d4602000 	C:\Windows\System32\win32u.dll
0x00007ff8c4970000 - 0x00007ff8c4c0a000 	C:\Windows\WinSxS\amd64_microsoft.windows.common-controls_6595b64144ccf1df_6.0.19041.1110_none_60b5254171f9507e\COMCTL32.dll
0x00007ff8d5170000 - 0x00007ff8d519b000 	C:\Windows\System32\GDI32.dll
0x00007ff8d6920000 - 0x00007ff8d69be000 	C:\Windows\System32\msvcrt.dll
0x00007ff8d4360000 - 0x00007ff8d446f000 	C:\Windows\System32\gdi32full.dll
0x00007ff8d4230000 - 0x00007ff8d42cd000 	C:\Windows\System32\msvcp_win.dll
0x00007ff8d6250000 - 0x00007ff8d6280000 	C:\Windows\System32\IMM32.DLL
0x00007ff8ad1e0000 - 0x00007ff8ad1ec000 	C:\Program Files\Android\Android Studio\jbr\bin\vcruntime140_1.dll
0x00007ff85bdd0000 - 0x00007ff85be5d000 	C:\Program Files\Android\Android Studio\jbr\bin\msvcp140.dll
0x00007ff8753a0000 - 0x00007ff875f5c000 	C:\Program Files\Android\Android Studio\jbr\bin\server\jvm.dll
0x00007ff8d6280000 - 0x00007ff8d632e000 	C:\Windows\System32\ADVAPI32.dll
0x00007ff8d5a20000 - 0x00007ff8d5abc000 	C:\Windows\System32\sechost.dll
0x00007ff8d6330000 - 0x00007ff8d6454000 	C:\Windows\System32\RPCRT4.dll
0x00007ff8d5ad0000 - 0x00007ff8d5ad8000 	C:\Windows\System32\PSAPI.DLL
0x00007ff8ceda0000 - 0x00007ff8ceda9000 	C:\Windows\SYSTEM32\WSOCK32.dll
0x00007ff8cdf90000 - 0x00007ff8cdf9a000 	C:\Windows\SYSTEM32\VERSION.dll
0x00007ff8d5900000 - 0x00007ff8d596b000 	C:\Windows\System32\WS2_32.dll
0x00007ff8c0410000 - 0x00007ff8c0437000 	C:\Windows\SYSTEM32\WINMM.dll
0x00007ff8d2ad0000 - 0x00007ff8d2ae2000 	C:\Windows\SYSTEM32\kernel.appcore.dll
0x00007ff8ce410000 - 0x00007ff8ce420000 	C:\Program Files\Android\Android Studio\jbr\bin\verify.dll
0x00007ff8d1ec0000 - 0x00007ff8d20a4000 	C:\Windows\SYSTEM32\DBGHELP.DLL
0x00007ff8cb820000 - 0x00007ff8cb855000 	C:\Windows\SYSTEM32\dbgcore.DLL
0x00007ff8d42d0000 - 0x00007ff8d4352000 	C:\Windows\System32\bcryptPrimitives.dll
0x00007ff8bc4b0000 - 0x00007ff8bc4d8000 	C:\Program Files\Android\Android Studio\jbr\bin\java.dll
0x00007ff8be940000 - 0x00007ff8be94a000 	C:\Program Files\Android\Android Studio\jbr\bin\jimage.dll
0x00007ff8bc490000 - 0x00007ff8bc4a8000 	C:\Program Files\Android\Android Studio\jbr\bin\zip.dll
0x00007ff8d5b00000 - 0x00007ff8d6245000 	C:\Windows\System32\SHELL32.dll
0x00007ff8d22d0000 - 0x00007ff8d2a62000 	C:\Windows\SYSTEM32\windows.storage.dll
0x00007ff8d4be0000 - 0x00007ff8d4f35000 	C:\Windows\System32\combase.dll
0x00007ff8d3c90000 - 0x00007ff8d3cc0000 	C:\Windows\SYSTEM32\Wldp.dll
0x00007ff8d5970000 - 0x00007ff8d5a1d000 	C:\Windows\System32\SHCORE.dll
0x00007ff8d4b80000 - 0x00007ff8d4bd5000 	C:\Windows\System32\shlwapi.dll
0x00007ff8d4170000 - 0x00007ff8d418f000 	C:\Windows\SYSTEM32\profapi.dll
0x00007ff8bc470000 - 0x00007ff8bc489000 	C:\Program Files\Android\Android Studio\jbr\bin\net.dll
0x00007ff8cb950000 - 0x00007ff8cba5a000 	C:\Windows\SYSTEM32\WINHTTP.dll
0x00007ff8d39a0000 - 0x00007ff8d3a0a000 	C:\Windows\system32\mswsock.dll
0x00007ff8b7440000 - 0x00007ff8b7453000 	C:\Program Files\Android\Android Studio\jbr\bin\nio.dll
0x00007ff85fc10000 - 0x00007ff85fc37000 	C:\Users\User\.gradle\native\e1d6ef7f7dcc3fd88c89a11ec53ec762bb8ba0a96d01ffa2cd45eb1d1d8dd5c5\windows-amd64\native-platform.dll
0x00007ff85a0a0000 - 0x00007ff85a1e4000 	C:\Users\User\.gradle\native\0d407fdbe67a94daf76414ababcb853783967236a71b16ec16e742cd7a986fd3\windows-amd64\native-platform-file-events.dll
0x00007ff8bc460000 - 0x00007ff8bc46a000 	C:\Program Files\Android\Android Studio\jbr\bin\management.dll
0x00007ff8b8c80000 - 0x00007ff8b8c8b000 	C:\Program Files\Android\Android Studio\jbr\bin\management_ext.dll
0x00007ff8d3be0000 - 0x00007ff8d3bf8000 	C:\Windows\SYSTEM32\CRYPTSP.dll
0x00007ff8d3230000 - 0x00007ff8d3264000 	C:\Windows\system32\rsaenh.dll
0x00007ff8d4b50000 - 0x00007ff8d4b77000 	C:\Windows\System32\bcrypt.dll
0x00007ff8d40f0000 - 0x00007ff8d411e000 	C:\Windows\SYSTEM32\USERENV.dll
0x00007ff8d3c00000 - 0x00007ff8d3c0c000 	C:\Windows\SYSTEM32\CRYPTBASE.dll
0x00007ff8d3670000 - 0x00007ff8d36ab000 	C:\Windows\SYSTEM32\IPHLPAPI.DLL
0x00007ff8d56e0000 - 0x00007ff8d56e8000 	C:\Windows\System32\NSI.dll
0x00007ff8cc0d0000 - 0x00007ff8cc0e7000 	C:\Windows\SYSTEM32\dhcpcsvc6.DLL
0x00007ff8ccf40000 - 0x00007ff8ccf5d000 	C:\Windows\SYSTEM32\dhcpcsvc.DLL
0x00007ff8d36b0000 - 0x00007ff8d377b000 	C:\Windows\SYSTEM32\DNSAPI.dll
0x00007ff8b6f60000 - 0x00007ff8b6f87000 	C:\Program Files\Android\Android Studio\jbr\bin\sunec.dll
0x00007ff8d3350000 - 0x00007ff8d3383000 	C:\Windows\SYSTEM32\ntmarta.dll

dbghelp: loaded successfully - version: 4.0.5 - missing functions: none
symbol engine: initialized successfully - sym options: 0x614 - pdb path: .;C:\Program Files\Android\Android Studio\jbr\bin;C:\Windows\SYSTEM32;C:\Windows\WinSxS\amd64_microsoft.windows.common-controls_6595b64144ccf1df_6.0.19041.1110_none_60b5254171f9507e;C:\Program Files\Android\Android Studio\jbr\bin\server;C:\Users\User\.gradle\native\e1d6ef7f7dcc3fd88c89a11ec53ec762bb8ba0a96d01ffa2cd45eb1d1d8dd5c5\windows-amd64;C:\Users\User\.gradle\native\0d407fdbe67a94daf76414ababcb853783967236a71b16ec16e742cd7a986fd3\windows-amd64

VM Arguments:
jvm_args: --add-opens=java.base/java.util=ALL-UNNAMED --add-opens=java.base/java.lang=ALL-UNNAMED --add-opens=java.base/java.lang.invoke=ALL-UNNAMED --add-opens=java.base/java.util=ALL-UNNAMED --add-opens=java.prefs/java.util.prefs=ALL-UNNAMED --add-opens=java.prefs/java.util.prefs=ALL-UNNAMED --add-opens=java.base/java.nio.charset=ALL-UNNAMED --add-opens=java.base/java.net=ALL-UNNAMED --add-opens=java.base/java.util.concurrent.atomic=ALL-UNNAMED -Xmx2048m -Dfile.encoding=UTF-8 -Duser.country=RU -Duser.language=ru -Duser.variant 
java_command: org.gradle.launcher.daemon.bootstrap.GradleDaemon 7.5
java_class_path (initial): C:\Users\User\.gradle\wrapper\dists\gradle-7.5-bin\f1w0cc9nuo0eivz97x2xlu9sv\gradle-7.5\lib\gradle-launcher-7.5.jar
Launcher Type: SUN_STANDARD

[Global flags]
     intx CICompilerCount                          = 4                                         {product} {ergonomic}
     uint ConcGCThreads                            = 2                                         {product} {ergonomic}
     uint G1ConcRefinementThreads                  = 8                                         {product} {ergonomic}
   size_t G1HeapRegionSize                         = 1048576                                   {product} {ergonomic}
    uintx GCDrainStackTargetSize                   = 64                                        {product} {ergonomic}
   size_t InitialHeapSize                          = 130023424                                 {product} {ergonomic}
   size_t MarkStackSize                            = 4194304                                   {product} {ergonomic}
   size_t MaxHeapSize                              = 2147483648                                {product} {command line}
   size_t MaxNewSize                               = 1287651328                                {product} {ergonomic}
   size_t MinHeapDeltaBytes                        = 1048576                                   {product} {ergonomic}
    uintx NonNMethodCodeHeapSize                   = 5836300                                {pd product} {ergonomic}
    uintx NonProfiledCodeHeapSize                  = 122910970                              {pd product} {ergonomic}
    uintx ProfiledCodeHeapSize                     = 122910970                              {pd product} {ergonomic}
    uintx ReservedCodeCacheSize                    = 251658240                              {pd product} {ergonomic}
     bool SegmentedCodeCache                       = true                                      {product} {ergonomic}
     bool UseCompressedClassPointers               = true                                 {lp64_product} {ergonomic}
     bool UseCompressedOops                        = true                                 {lp64_product} {ergonomic}
     bool UseG1GC                                  = true                                      {product} {ergonomic}
     bool UseLargePagesIndividualAllocation        = false                                  {pd product} {ergonomic}

Logging:
Log output configuration:
 #0: stdout all=warning uptime,level,tags
 #1: stderr all=off uptime,level,tags

Environment Variables:
PATH=C:\Windows\system32;C:\Windows;C:\Windows\System32\Wbem;C:\Windows\System32\WindowsPowerShell\v1.0\;C:\Windows\System32\OpenSSH\;C:\Program Files\Git\cmd;C:\Users\User\AppData\Local\Microsoft\WindowsApps;
USERNAME=User
OS=Windows_NT
PROCESSOR_IDENTIFIER=Intel64 Family 6 Model 126 Stepping 5, GenuineIntel



---------------  S Y S T E M  ---------------

OS: Windows 10 , 64 bit Build 19041 (10.0.19041.2546)
OS uptime: 8 days 17:37 hours

CPU:total 8 (initial active 8) (4 cores per cpu, 2 threads per core) family 6 model 126 stepping 5 microcode 0xa0, cmov, cx8, fxsr, mmx, sse, sse2, sse3, ssse3, sse4.1, sse4.2, popcnt, avx, avx2, aes, clmul, erms, 3dnowpref, lzcnt, ht, tsc, tscinvbit, bmi1, bmi2, adx, evex, sha, fma

Memory: 4k page, system-wide physical 7930M (775M free)
TotalPageFile size 20727M (AvailPageFile size 62M)
current process WorkingSet (physical memory assigned to process): 509M, peak: 510M
current process commit charge ("private bytes"): 613M, peak: 672M

vm_info: OpenJDK 64-Bit Server VM (11.0.15+0-b2043.56-9505619) for windows-amd64 JRE (11.0.15+0-b2043.56-9505619), built on Jan 19 2023 02:48:00 by "builduser" with unknown MS VC++:1929

END.
